{"/home/travis/build/npmtest/node-npmtest-node-watch/test.js":{"path":"/home/travis/build/npmtest/node-npmtest-node-watch/test.js","s":{"1":2,"2":2,"3":2,"4":2,"5":2,"6":2,"7":2,"8":1,"9":2,"10":2,"11":1,"12":1,"13":1,"14":1,"15":2,"16":2,"17":2,"18":2,"19":1,"20":1,"21":2,"22":2,"23":2,"24":1,"25":1,"26":1,"27":1,"28":1,"29":1,"30":1,"31":1,"32":1,"33":1,"34":1,"35":1,"36":1,"37":1,"38":1,"39":2,"40":2,"41":1,"42":2,"43":2,"44":1,"45":2,"46":2,"47":1,"48":2,"49":2,"50":1,"51":1,"52":1,"53":1,"54":1},"b":{"1":[2,1,1,1],"2":[1,1,1,1],"3":[1,1],"4":[1,1],"5":[1,1],"6":[1,1],"7":[1,1],"8":[1,1],"9":[1,1],"10":[1,1,1],"11":[1,1],"12":[1,1],"13":[1,1],"14":[1,1],"15":[1,1],"16":[1,1],"17":[1,1]},"f":{"1":2,"2":2,"3":2,"4":2,"5":2,"6":1,"7":1,"8":1,"9":2,"10":2,"11":2,"12":2,"13":1},"fnMap":{"1":{"name":"(anonymous_1)","line":12,"loc":{"start":{"line":12,"column":1},"end":{"line":12,"column":13}}},"2":{"name":"(anonymous_2)","line":19,"loc":{"start":{"line":19,"column":5},"end":{"line":19,"column":17}}},"3":{"name":"(anonymous_3)","line":23,"loc":{"start":{"line":23,"column":24},"end":{"line":23,"column":36}}},"4":{"name":"(anonymous_4)","line":61,"loc":{"start":{"line":61,"column":5},"end":{"line":61,"column":17}}},"5":{"name":"(anonymous_5)","line":82,"loc":{"start":{"line":82,"column":5},"end":{"line":82,"column":17}}},"6":{"name":"(anonymous_6)","line":91,"loc":{"start":{"line":91,"column":77},"end":{"line":94,"column":10}}},"7":{"name":"(anonymous_7)","line":112,"loc":{"start":{"line":112,"column":83},"end":{"line":115,"column":10}},"skip":true},"8":{"name":"(anonymous_8)","line":123,"loc":{"start":{"line":123,"column":77},"end":{"line":126,"column":10}},"skip":true},"9":{"name":"(anonymous_9)","line":139,"loc":{"start":{"line":139,"column":12},"end":{"line":139,"column":40}},"skip":true},"10":{"name":"(anonymous_10)","line":147,"loc":{"start":{"line":147,"column":77},"end":{"line":150,"column":10}},"skip":true},"11":{"name":"(anonymous_11)","line":158,"loc":{"start":{"line":158,"column":83},"end":{"line":161,"column":10}},"skip":true},"12":{"name":"(anonymous_12)","line":169,"loc":{"start":{"line":169,"column":79},"end":{"line":172,"column":10}},"skip":true},"13":{"name":"(anonymous_13)","line":180,"loc":{"start":{"line":180,"column":75},"end":{"line":183,"column":10}},"skip":true}},"statementMap":{"1":{"start":{"line":12,"column":0},"end":{"line":195,"column":5}},"2":{"start":{"line":14,"column":4},"end":{"line":14,"column":14}},"3":{"start":{"line":19,"column":4},"end":{"line":56,"column":9}},"4":{"start":{"line":21,"column":8},"end":{"line":21,"column":19}},"5":{"start":{"line":23,"column":8},"end":{"line":35,"column":13}},"6":{"start":{"line":24,"column":12},"end":{"line":34,"column":13}},"7":{"start":{"line":25,"column":16},"end":{"line":28,"column":30}},"8":{"start":{"line":30,"column":16},"end":{"line":33,"column":27}},"9":{"start":{"line":37,"column":8},"end":{"line":39,"column":21}},"10":{"start":{"line":40,"column":8},"end":{"line":53,"column":9}},"11":{"start":{"line":43,"column":12},"end":{"line":46,"column":14}},"12":{"start":{"line":47,"column":12},"end":{"line":47,"column":18}},"13":{"start":{"line":50,"column":12},"end":{"line":51,"column":46}},"14":{"start":{"line":52,"column":12},"end":{"line":52,"column":18}},"15":{"start":{"line":55,"column":8},"end":{"line":55,"column":35}},"16":{"start":{"line":61,"column":4},"end":{"line":63,"column":9}},"17":{"start":{"line":62,"column":8},"end":{"line":62,"column":15}},"18":{"start":{"line":64,"column":4},"end":{"line":77,"column":5}},"19":{"start":{"line":70,"column":8},"end":{"line":70,"column":14}},"20":{"start":{"line":76,"column":8},"end":{"line":76,"column":14}},"21":{"start":{"line":82,"column":4},"end":{"line":84,"column":9}},"22":{"start":{"line":83,"column":8},"end":{"line":83,"column":15}},"23":{"start":{"line":85,"column":4},"end":{"line":194,"column":5}},"24":{"start":{"line":91,"column":8},"end":{"line":99,"column":10}},"25":{"start":{"line":98,"column":12},"end":{"line":98,"column":35}},"26":{"start":{"line":102,"column":8},"end":{"line":104,"column":63}},"27":{"start":{"line":105,"column":8},"end":{"line":105,"column":14}},"28":{"start":{"line":112,"column":8},"end":{"line":121,"column":10},"skip":true},"29":{"start":{"line":119,"column":12},"end":{"line":119,"column":55},"skip":true},"30":{"start":{"line":120,"column":12},"end":{"line":120,"column":48},"skip":true},"31":{"start":{"line":123,"column":8},"end":{"line":136,"column":10},"skip":true},"32":{"start":{"line":130,"column":12},"end":{"line":130,"column":76},"skip":true},"33":{"start":{"line":131,"column":12},"end":{"line":131,"column":73},"skip":true},"34":{"start":{"line":132,"column":12},"end":{"line":132,"column":74},"skip":true},"35":{"start":{"line":133,"column":12},"end":{"line":133,"column":79},"skip":true},"36":{"start":{"line":134,"column":12},"end":{"line":134,"column":25},"skip":true},"37":{"start":{"line":135,"column":12},"end":{"line":135,"column":45},"skip":true},"38":{"start":{"line":138,"column":8},"end":{"line":145,"column":14},"skip":true},"39":{"start":{"line":143,"column":16},"end":{"line":143,"column":29},"skip":true},"40":{"start":{"line":144,"column":16},"end":{"line":144,"column":55},"skip":true},"41":{"start":{"line":147,"column":8},"end":{"line":156,"column":10},"skip":true},"42":{"start":{"line":154,"column":12},"end":{"line":154,"column":25},"skip":true},"43":{"start":{"line":155,"column":12},"end":{"line":155,"column":45},"skip":true},"44":{"start":{"line":158,"column":8},"end":{"line":167,"column":10},"skip":true},"45":{"start":{"line":165,"column":12},"end":{"line":165,"column":25},"skip":true},"46":{"start":{"line":166,"column":12},"end":{"line":166,"column":48},"skip":true},"47":{"start":{"line":169,"column":8},"end":{"line":178,"column":10},"skip":true},"48":{"start":{"line":176,"column":12},"end":{"line":176,"column":25},"skip":true},"49":{"start":{"line":177,"column":12},"end":{"line":177,"column":46},"skip":true},"50":{"start":{"line":180,"column":8},"end":{"line":189,"column":10},"skip":true},"51":{"start":{"line":187,"column":12},"end":{"line":187,"column":94},"skip":true},"52":{"start":{"line":188,"column":12},"end":{"line":188,"column":48},"skip":true},"53":{"start":{"line":192,"column":8},"end":{"line":192,"column":35},"skip":true},"54":{"start":{"line":193,"column":8},"end":{"line":193,"column":14},"skip":true}},"branchMap":{"1":{"line":25,"type":"binary-expr","locations":[{"start":{"line":25,"column":23},"end":{"line":25,"column":62}},{"start":{"line":26,"column":20},"end":{"line":26,"column":70}},{"start":{"line":27,"column":20},"end":{"line":27,"column":71}},{"start":{"line":28,"column":20},"end":{"line":28,"column":29}}]},"2":{"line":30,"type":"binary-expr","locations":[{"start":{"line":30,"column":23},"end":{"line":30,"column":37}},{"start":{"line":31,"column":20},"end":{"line":31,"column":61}},{"start":{"line":32,"column":20},"end":{"line":32,"column":70}},{"start":{"line":33,"column":20},"end":{"line":33,"column":26}}]},"3":{"line":37,"type":"cond-expr","locations":[{"start":{"line":38,"column":14},"end":{"line":38,"column":20}},{"start":{"line":39,"column":14},"end":{"line":39,"column":20}}]},"4":{"line":40,"type":"switch","locations":[{"start":{"line":42,"column":8},"end":{"line":47,"column":18}},{"start":{"line":49,"column":8},"end":{"line":52,"column":18}}]},"5":{"line":44,"type":"binary-expr","locations":[{"start":{"line":44,"column":16},"end":{"line":44,"column":44}},{"start":{"line":44,"column":48},"end":{"line":44,"column":66}}]},"6":{"line":50,"type":"binary-expr","locations":[{"start":{"line":50,"column":21},"end":{"line":50,"column":49}},{"start":{"line":50,"column":53},"end":{"line":50,"column":72}}]},"7":{"line":64,"type":"switch","locations":[{"start":{"line":69,"column":4},"end":{"line":70,"column":14}},{"start":{"line":75,"column":4},"end":{"line":76,"column":14}}]},"8":{"line":85,"type":"switch","locations":[{"start":{"line":90,"column":4},"end":{"line":105,"column":14}},{"start":{"line":111,"column":4},"end":{"line":193,"column":14},"skip":true}]},"9":{"line":91,"type":"binary-expr","locations":[{"start":{"line":91,"column":42},"end":{"line":91,"column":73}},{"start":{"line":91,"column":77},"end":{"line":99,"column":9}}]},"10":{"line":102,"type":"binary-expr","locations":[{"start":{"line":102,"column":18},"end":{"line":102,"column":32}},{"start":{"line":103,"column":12},"end":{"line":103,"column":53}},{"start":{"line":104,"column":12},"end":{"line":104,"column":61}}]},"11":{"line":112,"type":"binary-expr","locations":[{"start":{"line":112,"column":45},"end":{"line":112,"column":79},"skip":true},{"start":{"line":112,"column":83},"end":{"line":121,"column":9},"skip":true}]},"12":{"line":123,"type":"binary-expr","locations":[{"start":{"line":123,"column":42},"end":{"line":123,"column":73},"skip":true},{"start":{"line":123,"column":77},"end":{"line":136,"column":9},"skip":true}]},"13":{"line":138,"type":"binary-expr","locations":[{"start":{"line":138,"column":48},"end":{"line":138,"column":85},"skip":true},{"start":{"line":139,"column":12},"end":{"line":145,"column":13},"skip":true}]},"14":{"line":147,"type":"binary-expr","locations":[{"start":{"line":147,"column":42},"end":{"line":147,"column":73},"skip":true},{"start":{"line":147,"column":77},"end":{"line":156,"column":9},"skip":true}]},"15":{"line":158,"type":"binary-expr","locations":[{"start":{"line":158,"column":45},"end":{"line":158,"column":79},"skip":true},{"start":{"line":158,"column":83},"end":{"line":167,"column":9},"skip":true}]},"16":{"line":169,"type":"binary-expr","locations":[{"start":{"line":169,"column":43},"end":{"line":169,"column":75},"skip":true},{"start":{"line":169,"column":79},"end":{"line":178,"column":9},"skip":true}]},"17":{"line":180,"type":"binary-expr","locations":[{"start":{"line":180,"column":41},"end":{"line":180,"column":71},"skip":true},{"start":{"line":180,"column":75},"end":{"line":189,"column":9},"skip":true}]}},"code":["/* istanbul instrument in package npmtest_node_watch */","/*jslint","    bitwise: true,","    browser: true,","    maxerr: 8,","    maxlen: 96,","    node: true,","    nomen: true,","    regexp: true,","    stupid: true","*/","(function () {","    'use strict';","    var local;","","","","    // run shared js-env code - pre-init","    (function () {","        // init local","        local = {};","        // init modeJs","        local.modeJs = (function () {","            try {","                return typeof navigator.userAgent === 'string' &&","                    typeof document.querySelector('body') === 'object' &&","                    typeof XMLHttpRequest.prototype.open === 'function' &&","                    'browser';","            } catch (errorCaughtBrowser) {","                return module.exports &&","                    typeof process.versions.node === 'string' &&","                    typeof require('http').createServer === 'function' &&","                    'node';","            }","        }());","        // init global","        local.global = local.modeJs === 'browser'","            ? window","            : global;","        switch (local.modeJs) {","        // re-init local from window.local","        case 'browser':","            local = local.global.utility2.objectSetDefault(","                local.global.utility2_rollup || local.global.local,","                local.global.utility2","            );","            break;","        // re-init local from example.js","        case 'node':","            local = (local.global.utility2_rollup || require('utility2'))","                .requireExampleJsFromReadme();","            break;","        }","        // export local","        local.global.local = local;","    }());","","","","    // run shared js-env code - function","    (function () {","        return;","    }());","    switch (local.modeJs) {","","","","    // run browser js-env code - function","    case 'browser':","        break;","","","","    // run node js-env code - function","    case 'node':","        break;","    }","","","","    // run shared js-env code - post-init","    (function () {","        return;","    }());","    switch (local.modeJs) {","","","","    // run browser js-env code - post-init","    case 'browser':","        local.testCase_browser_nullCase = local.testCase_browser_nullCase || function (","            options,","            onError","        ) {","        /*","         * this function will test browsers's null-case handling-behavior-behavior","         */","            onError(null, options);","        };","","        // run tests","        local.nop(local.modeTest &&","            document.querySelector('#testRunButton1') &&","            document.querySelector('#testRunButton1').click());","        break;","","","","    // run node js-env code - post-init","    /* istanbul ignore next */","    case 'node':","        local.testCase_buildApidoc_default = local.testCase_buildApidoc_default || function (","            options,","            onError","        ) {","        /*","         * this function will test buildApidoc's default handling-behavior-behavior","         */","            options = { modulePathList: module.paths };","            local.buildApidoc(options, onError);","        };","","        local.testCase_buildApp_default = local.testCase_buildApp_default || function (","            options,","            onError","        ) {","        /*","         * this function will test buildApp's default handling-behavior-behavior","         */","            local.testCase_buildReadme_default(options, local.onErrorThrow);","            local.testCase_buildLib_default(options, local.onErrorThrow);","            local.testCase_buildTest_default(options, local.onErrorThrow);","            local.testCase_buildCustomOrg_default(options, local.onErrorThrow);","            options = [];","            local.buildApp(options, onError);","        };","","        local.testCase_buildCustomOrg_default = local.testCase_buildCustomOrg_default ||","            function (options, onError) {","            /*","             * this function will test buildCustomOrg's default handling-behavior","             */","                options = {};","                local.buildCustomOrg(options, onError);","            };","","        local.testCase_buildLib_default = local.testCase_buildLib_default || function (","            options,","            onError","        ) {","        /*","         * this function will test buildLib's default handling-behavior","         */","            options = {};","            local.buildLib(options, onError);","        };","","        local.testCase_buildReadme_default = local.testCase_buildReadme_default || function (","            options,","            onError","        ) {","        /*","         * this function will test buildReadme's default handling-behavior-behavior","         */","            options = {};","            local.buildReadme(options, onError);","        };","","        local.testCase_buildTest_default = local.testCase_buildTest_default || function (","            options,","            onError","        ) {","        /*","         * this function will test buildTest's default handling-behavior","         */","            options = {};","            local.buildTest(options, onError);","        };","","        local.testCase_webpage_default = local.testCase_webpage_default || function (","            options,","            onError","        ) {","        /*","         * this function will test webpage's default handling-behavior","         */","            options = { modeCoverageMerge: true, url: local.serverLocalHost + '?modeTest=1' };","            local.browserTest(options, onError);","        };","","        // run test-server","        local.testRunServer(local);","        break;","    }","}());",""],"l":{"12":2,"14":2,"19":2,"21":2,"23":2,"24":2,"25":2,"30":1,"37":2,"40":2,"43":1,"47":1,"50":1,"52":1,"55":2,"61":2,"62":2,"64":2,"70":1,"76":1,"82":2,"83":2,"85":2,"91":1,"98":1,"102":1,"105":1,"112":1,"119":1,"120":1,"123":1,"130":1,"131":1,"132":1,"133":1,"134":1,"135":1,"138":1,"143":2,"144":2,"147":1,"154":2,"155":2,"158":1,"165":2,"166":2,"169":1,"176":2,"177":2,"180":1,"187":1,"188":1,"192":1,"193":1}},"/home/travis/build/npmtest/node-npmtest-node-watch/lib.npmtest_node_watch.js":{"path":"/home/travis/build/npmtest/node-npmtest-node-watch/lib.npmtest_node_watch.js","s":{"1":2,"2":2,"3":2,"4":2,"5":2,"6":2,"7":2,"8":1,"9":2,"10":2,"11":2,"12":2,"13":1,"14":1,"15":1,"16":1},"b":{"1":[2,1,1,1],"2":[1,1,1,1],"3":[1,1],"4":[2,2],"5":[1,1]},"f":{"1":2,"2":2,"3":2},"fnMap":{"1":{"name":"(anonymous_1)","line":12,"loc":{"start":{"line":12,"column":1},"end":{"line":12,"column":13}}},"2":{"name":"(anonymous_2)","line":19,"loc":{"start":{"line":19,"column":5},"end":{"line":19,"column":17}}},"3":{"name":"(anonymous_3)","line":23,"loc":{"start":{"line":23,"column":24},"end":{"line":23,"column":36}}}},"statementMap":{"1":{"start":{"line":12,"column":0},"end":{"line":53,"column":5}},"2":{"start":{"line":14,"column":4},"end":{"line":14,"column":14}},"3":{"start":{"line":19,"column":4},"end":{"line":52,"column":9}},"4":{"start":{"line":21,"column":8},"end":{"line":21,"column":19}},"5":{"start":{"line":23,"column":8},"end":{"line":35,"column":13}},"6":{"start":{"line":24,"column":12},"end":{"line":34,"column":13}},"7":{"start":{"line":25,"column":16},"end":{"line":28,"column":30}},"8":{"start":{"line":30,"column":16},"end":{"line":33,"column":27}},"9":{"start":{"line":37,"column":8},"end":{"line":39,"column":21}},"10":{"start":{"line":41,"column":8},"end":{"line":41,"column":54}},"11":{"start":{"line":43,"column":8},"end":{"line":43,"column":55}},"12":{"start":{"line":45,"column":8},"end":{"line":51,"column":9}},"13":{"start":{"line":46,"column":12},"end":{"line":46,"column":61}},"14":{"start":{"line":48,"column":12},"end":{"line":48,"column":35}},"15":{"start":{"line":49,"column":12},"end":{"line":49,"column":49}},"16":{"start":{"line":50,"column":12},"end":{"line":50,"column":43}}},"branchMap":{"1":{"line":25,"type":"binary-expr","locations":[{"start":{"line":25,"column":23},"end":{"line":25,"column":62}},{"start":{"line":26,"column":20},"end":{"line":26,"column":70}},{"start":{"line":27,"column":20},"end":{"line":27,"column":71}},{"start":{"line":28,"column":20},"end":{"line":28,"column":29}}]},"2":{"line":30,"type":"binary-expr","locations":[{"start":{"line":30,"column":23},"end":{"line":30,"column":37}},{"start":{"line":31,"column":20},"end":{"line":31,"column":61}},{"start":{"line":32,"column":20},"end":{"line":32,"column":70}},{"start":{"line":33,"column":20},"end":{"line":33,"column":26}}]},"3":{"line":37,"type":"cond-expr","locations":[{"start":{"line":38,"column":14},"end":{"line":38,"column":20}},{"start":{"line":39,"column":14},"end":{"line":39,"column":20}}]},"4":{"line":41,"type":"binary-expr","locations":[{"start":{"line":41,"column":16},"end":{"line":41,"column":44}},{"start":{"line":41,"column":48},"end":{"line":41,"column":53}}]},"5":{"line":45,"type":"if","locations":[{"start":{"line":45,"column":8},"end":{"line":45,"column":8}},{"start":{"line":45,"column":8},"end":{"line":45,"column":8}}]}},"code":["/* istanbul instrument in package npmtest_node_watch */","/*jslint","    bitwise: true,","    browser: true,","    maxerr: 8,","    maxlen: 96,","    node: true,","    nomen: true,","    regexp: true,","    stupid: true","*/","(function () {","    'use strict';","    var local;","","","","    // run shared js-env code - pre-init","    (function () {","        // init local","        local = {};","        // init modeJs","        local.modeJs = (function () {","            try {","                return typeof navigator.userAgent === 'string' &&","                    typeof document.querySelector('body') === 'object' &&","                    typeof XMLHttpRequest.prototype.open === 'function' &&","                    'browser';","            } catch (errorCaughtBrowser) {","                return module.exports &&","                    typeof process.versions.node === 'string' &&","                    typeof require('http').createServer === 'function' &&","                    'node';","            }","        }());","        // init global","        local.global = local.modeJs === 'browser'","            ? window","            : global;","        // init utility2_rollup","        local = local.global.utility2_rollup || local;","        // init lib","        local.local = local.npmtest_node_watch = local;","        // init exports","        if (local.modeJs === 'browser') {","            local.global.utility2_npmtest_node_watch = local;","        } else {","            module.exports = local;","            module.exports.__dirname = __dirname;","            module.exports.module = module;","        }","    }());","}());",""],"l":{"12":2,"14":2,"19":2,"21":2,"23":2,"24":2,"25":2,"30":1,"37":2,"41":2,"43":2,"45":2,"46":1,"48":1,"49":1,"50":1}},"/home/travis/build/npmtest/node-npmtest-node-watch/example.js":{"path":"/home/travis/build/npmtest/node-npmtest-node-watch/example.js","s":{"1":2,"2":2,"3":2,"4":2,"5":2,"6":2,"7":2,"8":1,"9":2,"10":2,"11":2,"12":2,"13":1,"14":2,"15":2,"16":2,"17":2,"18":2,"19":0,"20":2,"21":1,"22":1,"23":1,"24":1,"25":1,"26":0,"27":0,"28":1,"29":1,"30":2,"31":0,"32":0,"33":0,"34":1,"35":2,"36":2,"37":3,"38":3,"39":3,"40":3,"41":0,"42":3,"43":3,"44":3,"45":1,"46":3,"47":1,"48":1,"49":1,"50":1,"51":1,"52":1,"53":1,"54":1,"55":1,"56":1,"57":0,"58":1,"59":6,"60":6,"61":1,"62":2,"63":0,"64":2,"65":1,"66":1,"67":0,"68":0,"69":0,"70":0,"71":0,"72":0,"73":0,"74":0,"75":0,"76":0,"77":0,"78":0,"79":0,"80":0,"81":0,"82":0,"83":0},"b":{"1":[2,1,1,1],"2":[1,1,1,1],"3":[1,1],"4":[2,2],"5":[1,1],"6":[1,1],"7":[2,0],"8":[2,1,1,1,1,1],"9":[0,2,0],"10":[1,1],"11":[2,1,1],"12":[1,0],"13":[0,2],"14":[2,0,0,0,0,0,0],"15":[0,3],"16":[3,0],"17":[1,1],"18":[0,1],"19":[1,2,0,2],"20":[1,0],"21":[1,1],"22":[0,0],"23":[0,0],"24":[0,0],"25":[0,0],"26":[0,0],"27":[0,0],"28":[0,0]},"f":{"1":2,"2":2,"3":2,"4":2,"5":2,"6":2,"7":3,"8":3,"9":3,"10":1,"11":6,"12":0},"fnMap":{"1":{"name":"(anonymous_1)","line":26,"loc":{"start":{"line":26,"column":1},"end":{"line":26,"column":13}}},"2":{"name":"(anonymous_2)","line":33,"loc":{"start":{"line":33,"column":5},"end":{"line":33,"column":17}}},"3":{"name":"(anonymous_3)","line":37,"loc":{"start":{"line":37,"column":24},"end":{"line":37,"column":36}}},"4":{"name":"(anonymous_4)","line":69,"loc":{"start":{"line":69,"column":31},"end":{"line":69,"column":48}},"skip":true},"5":{"name":"(anonymous_5)","line":78,"loc":{"start":{"line":78,"column":26},"end":{"line":78,"column":45}},"skip":true},"6":{"name":"(anonymous_6)","line":123,"loc":{"start":{"line":123,"column":33},"end":{"line":123,"column":48}},"skip":true},"7":{"name":"(anonymous_7)","line":125,"loc":{"start":{"line":125,"column":27},"end":{"line":125,"column":39}},"skip":true},"8":{"name":"(anonymous_8)","line":133,"loc":{"start":{"line":133,"column":59},"end":{"line":133,"column":74}},"skip":true},"9":{"name":"(anonymous_9)","line":143,"loc":{"start":{"line":143,"column":45},"end":{"line":143,"column":62}},"skip":true},"10":{"name":"(anonymous_10)","line":144,"loc":{"start":{"line":144,"column":73},"end":{"line":144,"column":92}},"skip":true},"11":{"name":"(anonymous_11)","line":272,"loc":{"start":{"line":272,"column":51},"end":{"line":272,"column":77}},"skip":true},"12":{"name":"(anonymous_12)","line":314,"loc":{"start":{"line":314,"column":32},"end":{"line":314,"column":61}},"skip":true}},"statementMap":{"1":{"start":{"line":26,"column":0},"end":{"line":325,"column":5}},"2":{"start":{"line":28,"column":4},"end":{"line":28,"column":14}},"3":{"start":{"line":33,"column":4},"end":{"line":60,"column":9}},"4":{"start":{"line":35,"column":8},"end":{"line":35,"column":19}},"5":{"start":{"line":37,"column":8},"end":{"line":49,"column":13}},"6":{"start":{"line":38,"column":12},"end":{"line":48,"column":13}},"7":{"start":{"line":39,"column":16},"end":{"line":42,"column":30}},"8":{"start":{"line":44,"column":16},"end":{"line":47,"column":27}},"9":{"start":{"line":51,"column":8},"end":{"line":53,"column":21}},"10":{"start":{"line":55,"column":8},"end":{"line":57,"column":45}},"11":{"start":{"line":59,"column":8},"end":{"line":59,"column":35}},"12":{"start":{"line":61,"column":4},"end":{"line":324,"column":5}},"13":{"start":{"line":69,"column":8},"end":{"line":121,"column":10},"skip":true},"14":{"start":{"line":70,"column":12},"end":{"line":88,"column":13},"skip":true},"15":{"start":{"line":76,"column":16},"end":{"line":87,"column":19},"skip":true},"16":{"start":{"line":79,"column":20},"end":{"line":86,"column":21},"skip":true},"17":{"start":{"line":82,"column":24},"end":{"line":82,"column":43},"skip":true},"18":{"start":{"line":83,"column":24},"end":{"line":83,"column":30},"skip":true},"19":{"start":{"line":85,"column":24},"end":{"line":85,"column":49},"skip":true},"20":{"start":{"line":89,"column":12},"end":{"line":107,"column":13},"skip":true},"21":{"start":{"line":92,"column":16},"end":{"line":102,"column":17},"skip":true},"22":{"start":{"line":93,"column":20},"end":{"line":93,"column":86},"skip":true},"23":{"start":{"line":94,"column":20},"end":{"line":95,"column":45},"skip":true},"24":{"start":{"line":96,"column":20},"end":{"line":96,"column":42},"skip":true},"25":{"start":{"line":97,"column":20},"end":{"line":97,"column":48},"skip":true},"26":{"start":{"line":100,"column":20},"end":{"line":100,"column":85},"skip":true},"27":{"start":{"line":101,"column":20},"end":{"line":101,"column":96},"skip":true},"28":{"start":{"line":103,"column":16},"end":{"line":103,"column":22},"skip":true},"29":{"start":{"line":106,"column":16},"end":{"line":106,"column":22},"skip":true},"30":{"start":{"line":108,"column":12},"end":{"line":120,"column":13},"skip":true},"31":{"start":{"line":114,"column":16},"end":{"line":119,"column":17},"skip":true},"32":{"start":{"line":116,"column":20},"end":{"line":116,"column":78},"skip":true},"33":{"start":{"line":118,"column":20},"end":{"line":118,"column":47},"skip":true},"34":{"start":{"line":123,"column":8},"end":{"line":141,"column":11},"skip":true},"35":{"start":{"line":124,"column":12},"end":{"line":124,"column":54},"skip":true},"36":{"start":{"line":125,"column":12},"end":{"line":140,"column":14},"skip":true},"37":{"start":{"line":126,"column":16},"end":{"line":126,"column":28},"skip":true},"38":{"start":{"line":127,"column":16},"end":{"line":127,"column":69},"skip":true},"39":{"start":{"line":128,"column":16},"end":{"line":128,"column":75},"skip":true},"40":{"start":{"line":129,"column":16},"end":{"line":131,"column":17},"skip":true},"41":{"start":{"line":130,"column":20},"end":{"line":130,"column":27},"skip":true},"42":{"start":{"line":133,"column":16},"end":{"line":137,"column":36},"skip":true},"43":{"start":{"line":134,"column":20},"end":{"line":136,"column":55},"skip":true},"44":{"start":{"line":139,"column":16},"end":{"line":139,"column":57},"skip":true},"45":{"start":{"line":143,"column":8},"end":{"line":147,"column":11},"skip":true},"46":{"start":{"line":144,"column":12},"end":{"line":146,"column":15},"skip":true},"47":{"start":{"line":145,"column":16},"end":{"line":145,"column":70},"skip":true},"48":{"start":{"line":149,"column":8},"end":{"line":149,"column":31},"skip":true},"49":{"start":{"line":150,"column":8},"end":{"line":150,"column":14},"skip":true},"50":{"start":{"line":158,"column":8},"end":{"line":158,"column":31},"skip":true},"51":{"start":{"line":160,"column":8},"end":{"line":160,"column":33},"skip":true},"52":{"start":{"line":161,"column":8},"end":{"line":161,"column":37},"skip":true},"53":{"start":{"line":162,"column":8},"end":{"line":162,"column":35},"skip":true},"54":{"start":{"line":164,"column":8},"end":{"line":164,"column":50},"skip":true},"55":{"start":{"line":166,"column":8},"end":{"line":256,"column":2},"skip":true},"56":{"start":{"line":258,"column":8},"end":{"line":286,"column":9},"skip":true},"57":{"start":{"line":259,"column":12},"end":{"line":269,"column":14},"skip":true},"58":{"start":{"line":271,"column":12},"end":{"line":285,"column":19},"skip":true},"59":{"start":{"line":274,"column":20},"end":{"line":274,"column":35},"skip":true},"60":{"start":{"line":275,"column":20},"end":{"line":284,"column":21},"skip":true},"61":{"start":{"line":277,"column":24},"end":{"line":277,"column":64},"skip":true},"62":{"start":{"line":279,"column":24},"end":{"line":279,"column":40},"skip":true},"63":{"start":{"line":281,"column":24},"end":{"line":281,"column":40},"skip":true},"64":{"start":{"line":283,"column":24},"end":{"line":283,"column":39},"skip":true},"65":{"start":{"line":288,"column":8},"end":{"line":290,"column":9},"skip":true},"66":{"start":{"line":289,"column":12},"end":{"line":289,"column":18},"skip":true},"67":{"start":{"line":291,"column":8},"end":{"line":293,"column":54},"skip":true},"68":{"start":{"line":294,"column":8},"end":{"line":301,"column":37},"skip":true},"69":{"start":{"line":302,"column":8},"end":{"line":302,"column":82},"skip":true},"70":{"start":{"line":305,"column":8},"end":{"line":307,"column":9},"skip":true},"71":{"start":{"line":306,"column":12},"end":{"line":306,"column":82},"skip":true},"72":{"start":{"line":309,"column":8},"end":{"line":311,"column":9},"skip":true},"73":{"start":{"line":310,"column":12},"end":{"line":310,"column":18},"skip":true},"74":{"start":{"line":312,"column":8},"end":{"line":312,"column":54},"skip":true},"75":{"start":{"line":313,"column":8},"end":{"line":313,"column":69},"skip":true},"76":{"start":{"line":314,"column":8},"end":{"line":322,"column":36},"skip":true},"77":{"start":{"line":315,"column":12},"end":{"line":315,"column":61},"skip":true},"78":{"start":{"line":316,"column":12},"end":{"line":319,"column":13},"skip":true},"79":{"start":{"line":317,"column":16},"end":{"line":317,"column":75},"skip":true},"80":{"start":{"line":318,"column":16},"end":{"line":318,"column":23},"skip":true},"81":{"start":{"line":320,"column":12},"end":{"line":320,"column":38},"skip":true},"82":{"start":{"line":321,"column":12},"end":{"line":321,"column":27},"skip":true},"83":{"start":{"line":323,"column":8},"end":{"line":323,"column":14},"skip":true}},"branchMap":{"1":{"line":39,"type":"binary-expr","locations":[{"start":{"line":39,"column":23},"end":{"line":39,"column":62}},{"start":{"line":40,"column":20},"end":{"line":40,"column":70}},{"start":{"line":41,"column":20},"end":{"line":41,"column":71}},{"start":{"line":42,"column":20},"end":{"line":42,"column":29}}]},"2":{"line":44,"type":"binary-expr","locations":[{"start":{"line":44,"column":23},"end":{"line":44,"column":37}},{"start":{"line":45,"column":20},"end":{"line":45,"column":61}},{"start":{"line":46,"column":20},"end":{"line":46,"column":70}},{"start":{"line":47,"column":20},"end":{"line":47,"column":26}}]},"3":{"line":51,"type":"cond-expr","locations":[{"start":{"line":52,"column":14},"end":{"line":52,"column":20}},{"start":{"line":53,"column":14},"end":{"line":53,"column":20}}]},"4":{"line":55,"type":"binary-expr","locations":[{"start":{"line":55,"column":16},"end":{"line":55,"column":44}},{"start":{"line":55,"column":49},"end":{"line":57,"column":43}}]},"5":{"line":55,"type":"cond-expr","locations":[{"start":{"line":56,"column":14},"end":{"line":56,"column":54}},{"start":{"line":57,"column":14},"end":{"line":57,"column":43}}]},"6":{"line":61,"type":"switch","locations":[{"start":{"line":68,"column":4},"end":{"line":150,"column":14},"skip":true},{"start":{"line":156,"column":4},"end":{"line":323,"column":14},"skip":true}]},"7":{"line":70,"type":"if","locations":[{"start":{"line":70,"column":12},"end":{"line":70,"column":12},"skip":true},{"start":{"line":70,"column":12},"end":{"line":70,"column":12},"skip":true}]},"8":{"line":70,"type":"binary-expr","locations":[{"start":{"line":70,"column":16},"end":{"line":70,"column":22},"skip":true},{"start":{"line":70,"column":27},"end":{"line":70,"column":32},"skip":true},{"start":{"line":71,"column":20},"end":{"line":71,"column":39},"skip":true},{"start":{"line":72,"column":20},"end":{"line":72,"column":49},"skip":true},{"start":{"line":73,"column":20},"end":{"line":73,"column":58},"skip":true},{"start":{"line":74,"column":20},"end":{"line":74,"column":69},"skip":true}]},"9":{"line":79,"type":"switch","locations":[{"start":{"line":80,"column":20},"end":{"line":80,"column":33},"skip":true},{"start":{"line":81,"column":20},"end":{"line":83,"column":30},"skip":true},{"start":{"line":84,"column":20},"end":{"line":85,"column":49},"skip":true}]},"10":{"line":89,"type":"switch","locations":[{"start":{"line":90,"column":12},"end":{"line":103,"column":22},"skip":true},{"start":{"line":105,"column":12},"end":{"line":106,"column":22},"skip":true}]},"11":{"line":89,"type":"binary-expr","locations":[{"start":{"line":89,"column":20},"end":{"line":89,"column":25},"skip":true},{"start":{"line":89,"column":29},"end":{"line":89,"column":48},"skip":true},{"start":{"line":89,"column":52},"end":{"line":89,"column":74},"skip":true}]},"12":{"line":92,"type":"if","locations":[{"start":{"line":92,"column":16},"end":{"line":92,"column":16},"skip":true},{"start":{"line":92,"column":16},"end":{"line":92,"column":16},"skip":true}]},"13":{"line":108,"type":"if","locations":[{"start":{"line":108,"column":12},"end":{"line":108,"column":12},"skip":true},{"start":{"line":108,"column":12},"end":{"line":108,"column":12},"skip":true}]},"14":{"line":108,"type":"binary-expr","locations":[{"start":{"line":108,"column":16},"end":{"line":108,"column":61},"skip":true},{"start":{"line":108,"column":66},"end":{"line":108,"column":72},"skip":true},{"start":{"line":108,"column":77},"end":{"line":108,"column":82},"skip":true},{"start":{"line":109,"column":20},"end":{"line":109,"column":39},"skip":true},{"start":{"line":110,"column":20},"end":{"line":110,"column":49},"skip":true},{"start":{"line":111,"column":20},"end":{"line":111,"column":58},"skip":true},{"start":{"line":112,"column":20},"end":{"line":112,"column":68},"skip":true}]},"15":{"line":129,"type":"if","locations":[{"start":{"line":129,"column":16},"end":{"line":129,"column":16},"skip":true},{"start":{"line":129,"column":16},"end":{"line":129,"column":16},"skip":true}]},"16":{"line":134,"type":"cond-expr","locations":[{"start":{"line":135,"column":26},"end":{"line":135,"column":29},"skip":true},{"start":{"line":136,"column":26},"end":{"line":136,"column":54},"skip":true}]},"17":{"line":164,"type":"binary-expr","locations":[{"start":{"line":164,"column":27},"end":{"line":164,"column":43},"skip":true},{"start":{"line":164,"column":47},"end":{"line":164,"column":49},"skip":true}]},"18":{"line":258,"type":"if","locations":[{"start":{"line":258,"column":8},"end":{"line":258,"column":8},"skip":true},{"start":{"line":258,"column":8},"end":{"line":258,"column":8},"skip":true}]},"19":{"line":275,"type":"switch","locations":[{"start":{"line":276,"column":20},"end":{"line":277,"column":64},"skip":true},{"start":{"line":278,"column":20},"end":{"line":279,"column":40},"skip":true},{"start":{"line":280,"column":20},"end":{"line":281,"column":40},"skip":true},{"start":{"line":282,"column":20},"end":{"line":283,"column":39},"skip":true}]},"20":{"line":288,"type":"if","locations":[{"start":{"line":288,"column":8},"end":{"line":288,"column":8},"skip":true},{"start":{"line":288,"column":8},"end":{"line":288,"column":8},"skip":true}]},"21":{"line":288,"type":"binary-expr","locations":[{"start":{"line":288,"column":12},"end":{"line":288,"column":40},"skip":true},{"start":{"line":288,"column":44},"end":{"line":288,"column":67},"skip":true}]},"22":{"line":292,"type":"binary-expr","locations":[{"start":{"line":292,"column":12},"end":{"line":292,"column":50},"skip":true},{"start":{"line":293,"column":12},"end":{"line":293,"column":53},"skip":true}]},"23":{"line":295,"type":"binary-expr","locations":[{"start":{"line":295,"column":12},"end":{"line":295,"column":68},"skip":true},{"start":{"line":296,"column":12},"end":{"line":301,"column":36},"skip":true}]},"24":{"line":302,"type":"binary-expr","locations":[{"start":{"line":302,"column":43},"end":{"line":302,"column":75},"skip":true},{"start":{"line":302,"column":79},"end":{"line":302,"column":81},"skip":true}]},"25":{"line":305,"type":"if","locations":[{"start":{"line":305,"column":8},"end":{"line":305,"column":8},"skip":true},{"start":{"line":305,"column":8},"end":{"line":305,"column":8},"skip":true}]},"26":{"line":309,"type":"if","locations":[{"start":{"line":309,"column":8},"end":{"line":309,"column":8},"skip":true},{"start":{"line":309,"column":8},"end":{"line":309,"column":8},"skip":true}]},"27":{"line":312,"type":"binary-expr","locations":[{"start":{"line":312,"column":27},"end":{"line":312,"column":43},"skip":true},{"start":{"line":312,"column":47},"end":{"line":312,"column":53},"skip":true}]},"28":{"line":316,"type":"if","locations":[{"start":{"line":316,"column":12},"end":{"line":316,"column":12},"skip":true},{"start":{"line":316,"column":12},"end":{"line":316,"column":12},"skip":true}]}},"code":["/*","example.js","","quickstart example","","instruction","    1. save this script as example.js","    2. run the shell command:","        $ npm install npmtest-node-watch && PORT=8081 node example.js","    3. play with the browser-demo on http://127.0.0.1:8081","*/","","","","/* istanbul instrument in package npmtest_node_watch */","/*jslint","    bitwise: true,","    browser: true,","    maxerr: 8,","    maxlen: 96,","    node: true,","    nomen: true,","    regexp: true,","    stupid: true","*/","(function () {","    'use strict';","    var local;","","","","    // run shared js-env code - pre-init","    (function () {","        // init local","        local = {};","        // init modeJs","        local.modeJs = (function () {","            try {","                return typeof navigator.userAgent === 'string' &&","                    typeof document.querySelector('body') === 'object' &&","                    typeof XMLHttpRequest.prototype.open === 'function' &&","                    'browser';","            } catch (errorCaughtBrowser) {","                return module.exports &&","                    typeof process.versions.node === 'string' &&","                    typeof require('http').createServer === 'function' &&","                    'node';","            }","        }());","        // init global","        local.global = local.modeJs === 'browser'","            ? window","            : global;","        // init utility2_rollup","        local = local.global.utility2_rollup || (local.modeJs === 'browser'","            ? local.global.utility2_npmtest_node_watch","            : global.utility2_moduleExports);","        // export local","        local.global.local = local;","    }());","    switch (local.modeJs) {","","","","    // post-init","    // run browser js-env code - post-init","    /* istanbul ignore next */","    case 'browser':","        local.testRunBrowser = function (event) {","            if (!event || (event &&","                    event.currentTarget &&","                    event.currentTarget.className &&","                    event.currentTarget.className.includes &&","                    event.currentTarget.className.includes('onreset'))) {","                // reset output","                Array.from(","                    document.querySelectorAll('body > .resettable')","                ).forEach(function (element) {","                    switch (element.tagName) {","                    case 'INPUT':","                    case 'TEXTAREA':","                        element.value = '';","                        break;","                    default:","                        element.textContent = '';","                    }","                });","            }","            switch (event && event.currentTarget && event.currentTarget.id) {","            case 'testRunButton1':","                // show tests","                if (document.querySelector('#testReportDiv1').style.display === 'none') {","                    document.querySelector('#testReportDiv1').style.display = 'block';","                    document.querySelector('#testRunButton1').textContent =","                        'hide internal test';","                    local.modeTest = true;","                    local.testRunDefault(local);","                // hide tests","                } else {","                    document.querySelector('#testReportDiv1').style.display = 'none';","                    document.querySelector('#testRunButton1').textContent = 'run internal test';","                }","                break;","            // custom-case","            default:","                break;","            }","            if (document.querySelector('#inputTextareaEval1') && (!event || (event &&","                    event.currentTarget &&","                    event.currentTarget.className &&","                    event.currentTarget.className.includes &&","                    event.currentTarget.className.includes('oneval')))) {","                // try to eval input-code","                try {","                    /*jslint evil: true*/","                    eval(document.querySelector('#inputTextareaEval1').value);","                } catch (errorCaught) {","                    console.error(errorCaught);","                }","            }","        };","        // log stderr and stdout to #outputTextareaStdout1","        ['error', 'log'].forEach(function (key) {","            console[key + '_original'] = console[key];","            console[key] = function () {","                var element;","                console[key + '_original'].apply(console, arguments);","                element = document.querySelector('#outputTextareaStdout1');","                if (!element) {","                    return;","                }","                // append text to #outputTextareaStdout1","                element.value += Array.from(arguments).map(function (arg) {","                    return typeof arg === 'string'","                        ? arg","                        : JSON.stringify(arg, null, 4);","                }).join(' ') + '\\n';","                // scroll textarea to bottom","                element.scrollTop = element.scrollHeight;","            };","        });","        // init event-handling","        ['change', 'click', 'keyup'].forEach(function (event) {","            Array.from(document.querySelectorAll('.on' + event)).forEach(function (element) {","                element.addEventListener(event, local.testRunBrowser);","            });","        });","        // run tests","        local.testRunBrowser();","        break;","","","","    // run node js-env code - post-init","    /* istanbul ignore next */","    case 'node':","        // export local","        module.exports = local;","        // require modules","        local.fs = require('fs');","        local.http = require('http');","        local.url = require('url');","        // init assets","        local.assetsDict = local.assetsDict || {};","        /* jslint-ignore-begin */","        local.assetsDict['/assets.index.template.html'] = '\\","<!doctype html>\\n\\","<html lang=\"en\">\\n\\","<head>\\n\\","<meta charset=\"UTF-8\">\\n\\","<meta name=\"viewport\" content=\"width=device-width, initial-scale=1\">\\n\\","<title>{{env.npm_package_name}} (v{{env.npm_package_version}})</title>\\n\\","<style>\\n\\","/*csslint\\n\\","    box-sizing: false,\\n\\","    universal-selector: false\\n\\","*/\\n\\","* {\\n\\","    box-sizing: border-box;\\n\\","}\\n\\","body {\\n\\","    background: #dde;\\n\\","    font-family: Arial, Helvetica, sans-serif;\\n\\","    margin: 2rem;\\n\\","}\\n\\","body > * {\\n\\","    margin-bottom: 1rem;\\n\\","}\\n\\",".utility2FooterDiv {\\n\\","    margin-top: 20px;\\n\\","    text-align: center;\\n\\","}\\n\\","</style>\\n\\","<style>\\n\\","/*csslint\\n\\","*/\\n\\","textarea {\\n\\","    font-family: monospace;\\n\\","    height: 10rem;\\n\\","    width: 100%;\\n\\","}\\n\\","textarea[readonly] {\\n\\","    background: #ddd;\\n\\","}\\n\\","</style>\\n\\","</head>\\n\\","<body>\\n\\","<!-- utility2-comment\\n\\","<div id=\"ajaxProgressDiv1\" style=\"background: #d00; height: 2px; left: 0; margin: 0; padding: 0; position: fixed; top: 0; transition: background 0.5s, width 1.5s; width: 25%;\"></div>\\n\\","utility2-comment -->\\n\\","<h1>\\n\\","<!-- utility2-comment\\n\\","    <a\\n\\","        {{#if env.npm_package_homepage}}\\n\\","        href=\"{{env.npm_package_homepage}}\"\\n\\","        {{/if env.npm_package_homepage}}\\n\\","        target=\"_blank\"\\n\\","    >\\n\\","utility2-comment -->\\n\\","        {{env.npm_package_name}} (v{{env.npm_package_version}})\\n\\","<!-- utility2-comment\\n\\","    </a>\\n\\","utility2-comment -->\\n\\","</h1>\\n\\","<h3>{{env.npm_package_description}}</h3>\\n\\","<!-- utility2-comment\\n\\","<h4><a download href=\"assets.app.js\">download standalone app</a></h4>\\n\\","<button class=\"onclick onreset\" id=\"testRunButton1\">run internal test</button><br>\\n\\","<div id=\"testReportDiv1\" style=\"display: none;\"></div>\\n\\","utility2-comment -->\\n\\","\\n\\","\\n\\","\\n\\","<label>stderr and stdout</label>\\n\\","<textarea class=\"resettable\" id=\"outputTextareaStdout1\" readonly></textarea>\\n\\","<!-- utility2-comment\\n\\","{{#if isRollup}}\\n\\","<script src=\"assets.app.js\"></script>\\n\\","{{#unless isRollup}}\\n\\","utility2-comment -->\\n\\","<script src=\"assets.utility2.rollup.js\"></script>\\n\\","<script src=\"jsonp.utility2._stateInit?callback=window.utility2._stateInit\"></script>\\n\\","<script src=\"assets.npmtest_node_watch.rollup.js\"></script>\\n\\","<script src=\"assets.example.js\"></script>\\n\\","<script src=\"assets.test.js\"></script>\\n\\","<!-- utility2-comment\\n\\","{{/if isRollup}}\\n\\","utility2-comment -->\\n\\","<div class=\"utility2FooterDiv\">\\n\\","    [ this app was created with\\n\\","    <a href=\"https://github.com/kaizhu256/node-utility2\" target=\"_blank\">utility2</a>\\n\\","    ]\\n\\","</div>\\n\\","</body>\\n\\","</html>\\n\\","';","        /* jslint-ignore-end */","        if (local.templateRender) {","            local.assetsDict['/'] = local.templateRender(","                local.assetsDict['/assets.index.template.html'],","                {","                    env: local.objectSetDefault(local.env, {","                        npm_package_description: 'the greatest app in the world!',","                        npm_package_name: 'my-app',","                        npm_package_nameAlias: 'my_app',","                        npm_package_version: '0.0.1'","                    })","                }","            );","        } else {","            local.assetsDict['/'] = local.assetsDict['/assets.index.template.html']","                .replace((/\\{\\{env\\.(\\w+?)\\}\\}/g), function (match0, match1) {","                    // jslint-hack","                    String(match0);","                    switch (match1) {","                    case 'npm_package_description':","                        return 'the greatest app in the world!';","                    case 'npm_package_name':","                        return 'my-app';","                    case 'npm_package_nameAlias':","                        return 'my_app';","                    case 'npm_package_version':","                        return '0.0.1';","                    }","                });","        }","        // run the cli","        if (local.global.utility2_rollup || module !== require.main) {","            break;","        }","        local.assetsDict['/assets.example.js'] =","            local.assetsDict['/assets.example.js'] ||","            local.fs.readFileSync(__filename, 'utf8');","        local.assetsDict['/assets.npmtest_node_watch.rollup.js'] =","            local.assetsDict['/assets.npmtest_node_watch.rollup.js'] ||","            local.fs.readFileSync(","                // buildCustomOrg-hack","                local.npmtest_node_watch.__dirname +","                    '/lib.npmtest_node_watch.js',","                'utf8'","            ).replace((/^#!/), '//');","        local.assetsDict['/favicon.ico'] = local.assetsDict['/favicon.ico'] || '';","        // if $npm_config_timeout_exit exists,","        // then exit this process after $npm_config_timeout_exit ms","        if (Number(process.env.npm_config_timeout_exit)) {","            setTimeout(process.exit, Number(process.env.npm_config_timeout_exit));","        }","        // start server","        if (local.global.utility2_serverHttp1) {","            break;","        }","        process.env.PORT = process.env.PORT || '8081';","        console.error('server starting on port ' + process.env.PORT);","        local.http.createServer(function (request, response) {","            request.urlParsed = local.url.parse(request.url);","            if (local.assetsDict[request.urlParsed.pathname] !== undefined) {","                response.end(local.assetsDict[request.urlParsed.pathname]);","                return;","            }","            response.statusCode = 404;","            response.end();","        }).listen(process.env.PORT);","        break;","    }","}());",""],"l":{"26":2,"28":2,"33":2,"35":2,"37":2,"38":2,"39":2,"44":1,"51":2,"55":2,"59":2,"61":2,"69":1,"70":2,"76":2,"79":2,"82":2,"83":2,"85":1,"89":2,"92":1,"93":1,"94":1,"96":1,"97":1,"100":1,"101":1,"103":1,"106":1,"108":2,"114":1,"116":1,"118":1,"123":1,"124":2,"125":2,"126":3,"127":3,"128":3,"129":3,"130":1,"133":3,"134":3,"139":3,"143":1,"144":3,"145":1,"149":1,"150":1,"158":1,"160":1,"161":1,"162":1,"164":1,"166":1,"258":1,"259":1,"271":1,"274":6,"275":6,"277":1,"279":2,"281":1,"283":2,"288":1,"289":1,"291":1,"294":1,"302":1,"305":1,"306":1,"309":1,"310":1,"312":1,"313":1,"314":1,"315":1,"316":1,"317":1,"318":1,"320":1,"321":1,"323":1}},"/home/travis/build/npmtest/node-npmtest-node-watch/node_modules/node-watch/lib/watch.js":{"path":"/home/travis/build/npmtest/node-npmtest-node-watch/node_modules/node-watch/lib/watch.js","s":{"1":1,"2":1,"3":1,"4":1,"5":1,"6":1,"7":1,"8":1,"9":1,"10":1,"11":0,"12":1,"13":0,"14":0,"15":1,"16":0,"17":0,"18":1,"19":0,"20":0,"21":0,"22":0,"23":0,"24":0,"25":0,"26":1,"27":0,"28":0,"29":0,"30":0,"31":0,"32":1,"33":0,"34":0,"35":0,"36":0,"37":1,"38":0,"39":0,"40":0,"41":0,"42":0,"43":0,"44":0,"45":1,"46":0,"47":0,"48":1,"49":0,"50":0,"51":0,"52":0,"53":0,"54":0,"55":0,"56":0,"57":0,"58":0,"59":1,"60":0,"61":0,"62":0,"63":0,"64":0,"65":0,"66":0,"67":0,"68":0,"69":0,"70":0,"71":1,"72":1,"73":0,"74":0,"75":1,"76":1,"77":0,"78":0,"79":0,"80":0,"81":0,"82":0,"83":1,"84":0,"85":1,"86":0,"87":0,"88":0,"89":0,"90":0,"91":0,"92":0,"93":0,"94":0,"95":0,"96":0,"97":0,"98":0,"99":0,"100":1,"101":0,"102":0,"103":0,"104":0,"105":0,"106":0,"107":0,"108":0,"109":0,"110":0,"111":0,"112":0,"113":0,"114":0,"115":0,"116":0,"117":0,"118":0,"119":0,"120":0,"121":0,"122":0,"123":0,"124":0,"125":0,"126":0,"127":0,"128":0,"129":0,"130":0,"131":0,"132":1,"133":0,"134":0,"135":0,"136":0,"137":0,"138":0,"139":0,"140":0,"141":0,"142":1,"143":0,"144":0,"145":0,"146":0,"147":0,"148":0,"149":0,"150":0,"151":0,"152":0,"153":0,"154":0,"155":0,"156":0,"157":0,"158":0,"159":0,"160":1,"161":0,"162":0,"163":0,"164":0,"165":0,"166":0,"167":0,"168":0,"169":0,"170":0,"171":1,"172":0,"173":0,"174":0,"175":0,"176":0,"177":0,"178":0,"179":0,"180":0,"181":0,"182":0,"183":0,"184":0,"185":0,"186":0,"187":0,"188":1},"b":{"1":[0,0],"2":[0,0],"3":[0,0],"4":[0,0],"5":[0,0],"6":[0,0],"7":[0,0],"8":[0,0],"9":[0,0],"10":[0,0],"11":[0,0],"12":[0,0],"13":[0,0],"14":[0,0],"15":[0,0],"16":[0,0],"17":[0,0],"18":[0,0],"19":[0,0],"20":[0,0],"21":[0,0],"22":[0,0],"23":[0,0],"24":[0,0],"25":[0,0],"26":[0,0],"27":[0,0],"28":[0,0],"29":[0,0],"30":[0,0],"31":[0,0],"32":[0,0],"33":[0,0],"34":[0,0],"35":[0,0],"36":[0,0],"37":[0,0],"38":[0,0],"39":[0,0],"40":[0,0],"41":[0,0],"42":[0,0],"43":[0,0],"44":[0,0],"45":[0,0],"46":[0,0]},"f":{"1":0,"2":0,"3":0,"4":0,"5":0,"6":0,"7":0,"8":0,"9":0,"10":0,"11":0,"12":0,"13":0,"14":0,"15":0,"16":0,"17":0,"18":0,"19":0,"20":0,"21":0,"22":0,"23":0,"24":0,"25":0,"26":0,"27":0,"28":0,"29":0,"30":0,"31":0,"32":0,"33":0,"34":0,"35":0,"36":0,"37":0,"38":0,"39":0,"40":0,"41":0,"42":0,"43":0,"44":0,"45":0,"46":0,"47":0,"48":0,"49":0,"50":0},"fnMap":{"1":{"name":"makeArray","line":13,"loc":{"start":{"line":13,"column":0},"end":{"line":13,"column":32}}},"2":{"name":"hasDup","line":18,"loc":{"start":{"line":18,"column":0},"end":{"line":18,"column":21}}},"3":{"name":"(anonymous_3)","line":19,"loc":{"start":{"line":19,"column":29},"end":{"line":19,"column":50}}},"4":{"name":"unique","line":24,"loc":{"start":{"line":24,"column":0},"end":{"line":24,"column":21}}},"5":{"name":"(anonymous_5)","line":25,"loc":{"start":{"line":25,"column":31},"end":{"line":25,"column":52}}},"6":{"name":"assign","line":30,"loc":{"start":{"line":30,"column":0},"end":{"line":30,"column":33}}},"7":{"name":"(anonymous_7)","line":35,"loc":{"start":{"line":35,"column":12},"end":{"line":35,"column":32}}},"8":{"name":"guard","line":45,"loc":{"start":{"line":45,"column":0},"end":{"line":45,"column":19}}},"9":{"name":"(anonymous_9)","line":46,"loc":{"start":{"line":46,"column":9},"end":{"line":46,"column":31}}},"10":{"name":"composeMessage","line":55,"loc":{"start":{"line":55,"column":0},"end":{"line":55,"column":31}}},"11":{"name":"(anonymous_11)","line":56,"loc":{"start":{"line":56,"column":30},"end":{"line":56,"column":42}}},"12":{"name":"getMessages","line":62,"loc":{"start":{"line":62,"column":0},"end":{"line":62,"column":28}}},"13":{"name":"(anonymous_13)","line":63,"loc":{"start":{"line":63,"column":29},"end":{"line":63,"column":41}}},"14":{"name":"(anonymous_14)","line":69,"loc":{"start":{"line":69,"column":32},"end":{"line":69,"column":44}}},"15":{"name":"debounce","line":79,"loc":{"start":{"line":79,"column":0},"end":{"line":79,"column":29}}},"16":{"name":"handle","line":82,"loc":{"start":{"line":82,"column":2},"end":{"line":82,"column":20}}},"17":{"name":"(anonymous_17)","line":83,"loc":{"start":{"line":83,"column":31},"end":{"line":83,"column":45}}},"18":{"name":"(anonymous_18)","line":89,"loc":{"start":{"line":89,"column":9},"end":{"line":89,"column":29}}},"19":{"name":"getSubDirectories","line":102,"loc":{"start":{"line":102,"column":0},"end":{"line":102,"column":36}}},"20":{"name":"(anonymous_20)","line":104,"loc":{"start":{"line":104,"column":20},"end":{"line":104,"column":39}}},"21":{"name":"(anonymous_21)","line":111,"loc":{"start":{"line":111,"column":20},"end":{"line":111,"column":32}}},"22":{"name":"(anonymous_22)","line":121,"loc":{"start":{"line":121,"column":2},"end":{"line":121,"column":13}}},"23":{"name":"Watcher","line":127,"loc":{"start":{"line":127,"column":0},"end":{"line":127,"column":19}}},"24":{"name":"(anonymous_24)","line":134,"loc":{"start":{"line":134,"column":27},"end":{"line":134,"column":38}}},"25":{"name":"(anonymous_25)","line":140,"loc":{"start":{"line":140,"column":24},"end":{"line":140,"column":47}}},"26":{"name":"(anonymous_26)","line":141,"loc":{"start":{"line":141,"column":19},"end":{"line":141,"column":30}}},"27":{"name":"(anonymous_27)","line":148,"loc":{"start":{"line":148,"column":29},"end":{"line":148,"column":40}}},"28":{"name":"(anonymous_28)","line":152,"loc":{"start":{"line":152,"column":26},"end":{"line":152,"column":45}}},"29":{"name":"(anonymous_29)","line":160,"loc":{"start":{"line":160,"column":32},"end":{"line":160,"column":48}}},"30":{"name":"(anonymous_30)","line":165,"loc":{"start":{"line":165,"column":39},"end":{"line":165,"column":55}}},"31":{"name":"(anonymous_31)","line":175,"loc":{"start":{"line":175,"column":24},"end":{"line":175,"column":48}}},"32":{"name":"(anonymous_32)","line":181,"loc":{"start":{"line":181,"column":17},"end":{"line":181,"column":37}}},"33":{"name":"(anonymous_33)","line":183,"loc":{"start":{"line":183,"column":25},"end":{"line":183,"column":39}}},"34":{"name":"(anonymous_34)","line":193,"loc":{"start":{"line":193,"column":30},"end":{"line":193,"column":41}}},"35":{"name":"(anonymous_35)","line":210,"loc":{"start":{"line":210,"column":24},"end":{"line":210,"column":35}}},"36":{"name":"(anonymous_36)","line":219,"loc":{"start":{"line":219,"column":22},"end":{"line":219,"column":36}}},"37":{"name":"(anonymous_37)","line":232,"loc":{"start":{"line":232,"column":30},"end":{"line":232,"column":58}}},"38":{"name":"(anonymous_38)","line":244,"loc":{"start":{"line":244,"column":17},"end":{"line":244,"column":29}}},"39":{"name":"(anonymous_39)","line":255,"loc":{"start":{"line":255,"column":35},"end":{"line":255,"column":62}}},"40":{"name":"(anonymous_40)","line":257,"loc":{"start":{"line":257,"column":21},"end":{"line":257,"column":35}}},"41":{"name":"(anonymous_41)","line":277,"loc":{"start":{"line":277,"column":29},"end":{"line":277,"column":41}}},"42":{"name":"(anonymous_42)","line":279,"loc":{"start":{"line":279,"column":23},"end":{"line":279,"column":34}}},"43":{"name":"composeWatcher","line":287,"loc":{"start":{"line":287,"column":0},"end":{"line":287,"column":34}}},"44":{"name":"(anonymous_44)","line":289,"loc":{"start":{"line":289,"column":19},"end":{"line":289,"column":31}}},"45":{"name":"(anonymous_45)","line":290,"loc":{"start":{"line":290,"column":19},"end":{"line":290,"column":39}}},"46":{"name":"(anonymous_46)","line":293,"loc":{"start":{"line":293,"column":18},"end":{"line":293,"column":32}}},"47":{"name":"(anonymous_47)","line":297,"loc":{"start":{"line":297,"column":18},"end":{"line":297,"column":29}}},"48":{"name":"(anonymous_48)","line":298,"loc":{"start":{"line":298,"column":21},"end":{"line":298,"column":33}}},"49":{"name":"watch","line":305,"loc":{"start":{"line":305,"column":0},"end":{"line":305,"column":35}}},"50":{"name":"(anonymous_50)","line":309,"loc":{"start":{"line":309,"column":44},"end":{"line":309,"column":56}}}},"statementMap":{"1":{"start":{"line":1,"column":0},"end":{"line":1,"column":25}},"2":{"start":{"line":2,"column":0},"end":{"line":2,"column":27}},"3":{"start":{"line":3,"column":0},"end":{"line":3,"column":23}},"4":{"start":{"line":4,"column":0},"end":{"line":4,"column":27}},"5":{"start":{"line":5,"column":0},"end":{"line":5,"column":31}},"6":{"start":{"line":7,"column":0},"end":{"line":7,"column":59}},"7":{"start":{"line":8,"column":0},"end":{"line":8,"column":25}},"8":{"start":{"line":10,"column":0},"end":{"line":10,"column":28}},"9":{"start":{"line":11,"column":0},"end":{"line":11,"column":28}},"10":{"start":{"line":13,"column":0},"end":{"line":16,"column":1}},"11":{"start":{"line":14,"column":2},"end":{"line":15,"column":44}},"12":{"start":{"line":18,"column":0},"end":{"line":22,"column":1}},"13":{"start":{"line":19,"column":2},"end":{"line":21,"column":5}},"14":{"start":{"line":20,"column":4},"end":{"line":20,"column":33}},"15":{"start":{"line":24,"column":0},"end":{"line":28,"column":1}},"16":{"start":{"line":25,"column":2},"end":{"line":27,"column":5}},"17":{"start":{"line":26,"column":4},"end":{"line":26,"column":33}},"18":{"start":{"line":30,"column":0},"end":{"line":43,"column":1}},"19":{"start":{"line":31,"column":2},"end":{"line":33,"column":3}},"20":{"start":{"line":32,"column":4},"end":{"line":32,"column":50}},"21":{"start":{"line":34,"column":2},"end":{"line":42,"column":12}},"22":{"start":{"line":36,"column":6},"end":{"line":40,"column":7}},"23":{"start":{"line":37,"column":8},"end":{"line":39,"column":9}},"24":{"start":{"line":38,"column":10},"end":{"line":38,"column":33}},"25":{"start":{"line":41,"column":6},"end":{"line":41,"column":17}},"26":{"start":{"line":45,"column":0},"end":{"line":53,"column":1}},"27":{"start":{"line":46,"column":2},"end":{"line":52,"column":3}},"28":{"start":{"line":47,"column":4},"end":{"line":51,"column":5}},"29":{"start":{"line":48,"column":6},"end":{"line":48,"column":28}},"30":{"start":{"line":48,"column":19},"end":{"line":48,"column":28}},"31":{"start":{"line":50,"column":6},"end":{"line":50,"column":15}},"32":{"start":{"line":55,"column":0},"end":{"line":60,"column":1}},"33":{"start":{"line":56,"column":2},"end":{"line":59,"column":5}},"34":{"start":{"line":57,"column":4},"end":{"line":58,"column":34}},"35":{"start":{"line":57,"column":23},"end":{"line":57,"column":48}},"36":{"start":{"line":58,"column":9},"end":{"line":58,"column":34}},"37":{"start":{"line":62,"column":0},"end":{"line":77,"column":1}},"38":{"start":{"line":63,"column":2},"end":{"line":65,"column":6}},"39":{"start":{"line":64,"column":4},"end":{"line":64,"column":42}},"40":{"start":{"line":68,"column":2},"end":{"line":76,"column":3}},"41":{"start":{"line":69,"column":4},"end":{"line":71,"column":7}},"42":{"start":{"line":70,"column":6},"end":{"line":70,"column":25}},"43":{"start":{"line":72,"column":4},"end":{"line":72,"column":44}},"44":{"start":{"line":75,"column":4},"end":{"line":75,"column":33}},"45":{"start":{"line":79,"column":0},"end":{"line":100,"column":1}},"46":{"start":{"line":80,"column":2},"end":{"line":80,"column":24}},"47":{"start":{"line":81,"column":2},"end":{"line":81,"column":21}},"48":{"start":{"line":82,"column":2},"end":{"line":88,"column":3}},"49":{"start":{"line":83,"column":4},"end":{"line":85,"column":7}},"50":{"start":{"line":84,"column":6},"end":{"line":84,"column":26}},"51":{"start":{"line":86,"column":4},"end":{"line":86,"column":17}},"52":{"start":{"line":87,"column":4},"end":{"line":87,"column":15}},"53":{"start":{"line":89,"column":2},"end":{"line":99,"column":3}},"54":{"start":{"line":90,"column":4},"end":{"line":92,"column":5}},"55":{"start":{"line":91,"column":6},"end":{"line":91,"column":16}},"56":{"start":{"line":93,"column":4},"end":{"line":95,"column":6}},"57":{"start":{"line":96,"column":4},"end":{"line":98,"column":5}},"58":{"start":{"line":97,"column":6},"end":{"line":97,"column":47}},"59":{"start":{"line":102,"column":0},"end":{"line":118,"column":1}},"60":{"start":{"line":103,"column":2},"end":{"line":117,"column":3}},"61":{"start":{"line":104,"column":4},"end":{"line":116,"column":7}},"62":{"start":{"line":105,"column":6},"end":{"line":115,"column":7}},"63":{"start":{"line":107,"column":8},"end":{"line":108,"column":61}},"64":{"start":{"line":107,"column":48},"end":{"line":107,"column":58}},"65":{"start":{"line":108,"column":13},"end":{"line":108,"column":61}},"66":{"start":{"line":110,"column":11},"end":{"line":115,"column":7}},"67":{"start":{"line":111,"column":8},"end":{"line":114,"column":11}},"68":{"start":{"line":112,"column":10},"end":{"line":112,"column":39}},"69":{"start":{"line":113,"column":10},"end":{"line":113,"column":43}},"70":{"start":{"line":113,"column":34},"end":{"line":113,"column":43}},"71":{"start":{"line":120,"column":0},"end":{"line":125,"column":2}},"72":{"start":{"line":127,"column":0},"end":{"line":130,"column":1}},"73":{"start":{"line":128,"column":2},"end":{"line":128,"column":33}},"74":{"start":{"line":129,"column":2},"end":{"line":129,"column":21}},"75":{"start":{"line":132,"column":0},"end":{"line":132,"column":44}},"76":{"start":{"line":134,"column":0},"end":{"line":146,"column":1}},"77":{"start":{"line":135,"column":2},"end":{"line":135,"column":18}},"78":{"start":{"line":136,"column":2},"end":{"line":139,"column":4}},"79":{"start":{"line":140,"column":2},"end":{"line":145,"column":9}},"80":{"start":{"line":141,"column":4},"end":{"line":143,"column":5}},"81":{"start":{"line":142,"column":6},"end":{"line":142,"column":47}},"82":{"start":{"line":144,"column":4},"end":{"line":144,"column":18}},"83":{"start":{"line":148,"column":0},"end":{"line":150,"column":1}},"84":{"start":{"line":149,"column":2},"end":{"line":149,"column":43}},"85":{"start":{"line":152,"column":0},"end":{"line":173,"column":2}},"86":{"start":{"line":153,"column":2},"end":{"line":153,"column":18}},"87":{"start":{"line":154,"column":2},"end":{"line":172,"column":3}},"88":{"start":{"line":155,"column":4},"end":{"line":155,"column":42}},"89":{"start":{"line":156,"column":4},"end":{"line":159,"column":5}},"90":{"start":{"line":157,"column":6},"end":{"line":157,"column":22}},"91":{"start":{"line":158,"column":6},"end":{"line":158,"column":37}},"92":{"start":{"line":160,"column":4},"end":{"line":162,"column":7}},"93":{"start":{"line":161,"column":6},"end":{"line":161,"column":24}},"94":{"start":{"line":164,"column":4},"end":{"line":164,"column":20}},"95":{"start":{"line":165,"column":4},"end":{"line":170,"column":7}},"96":{"start":{"line":166,"column":6},"end":{"line":166,"column":41}},"97":{"start":{"line":167,"column":6},"end":{"line":169,"column":7}},"98":{"start":{"line":168,"column":8},"end":{"line":168,"column":24}},"99":{"start":{"line":171,"column":4},"end":{"line":171,"column":23}},"100":{"start":{"line":175,"column":0},"end":{"line":230,"column":1}},"101":{"start":{"line":176,"column":2},"end":{"line":176,"column":18}},"102":{"start":{"line":177,"column":2},"end":{"line":177,"column":20}},"103":{"start":{"line":178,"column":2},"end":{"line":178,"column":42}},"104":{"start":{"line":179,"column":2},"end":{"line":179,"column":36}},"105":{"start":{"line":181,"column":2},"end":{"line":215,"column":4}},"106":{"start":{"line":182,"column":4},"end":{"line":199,"column":5}},"107":{"start":{"line":183,"column":6},"end":{"line":198,"column":9}},"108":{"start":{"line":184,"column":8},"end":{"line":197,"column":9}},"109":{"start":{"line":185,"column":10},"end":{"line":185,"column":44}},"110":{"start":{"line":187,"column":10},"end":{"line":196,"column":11}},"111":{"start":{"line":188,"column":12},"end":{"line":188,"column":33}},"112":{"start":{"line":191,"column":15},"end":{"line":196,"column":11}},"113":{"start":{"line":192,"column":12},"end":{"line":192,"column":57}},"114":{"start":{"line":193,"column":12},"end":{"line":195,"column":15}},"115":{"start":{"line":194,"column":14},"end":{"line":194,"column":54}},"116":{"start":{"line":202,"column":4},"end":{"line":214,"column":5}},"117":{"start":{"line":203,"column":6},"end":{"line":205,"column":7}},"118":{"start":{"line":204,"column":8},"end":{"line":204,"column":39}},"119":{"start":{"line":209,"column":6},"end":{"line":209,"column":51}},"120":{"start":{"line":210,"column":6},"end":{"line":213,"column":9}},"121":{"start":{"line":211,"column":8},"end":{"line":212,"column":44}},"122":{"start":{"line":211,"column":23},"end":{"line":211,"column":38}},"123":{"start":{"line":212,"column":13},"end":{"line":212,"column":44}},"124":{"start":{"line":217,"column":2},"end":{"line":217,"column":23}},"125":{"start":{"line":219,"column":2},"end":{"line":227,"column":5}},"126":{"start":{"line":220,"column":4},"end":{"line":226,"column":5}},"127":{"start":{"line":221,"column":6},"end":{"line":221,"column":61}},"128":{"start":{"line":222,"column":6},"end":{"line":222,"column":34}},"129":{"start":{"line":223,"column":6},"end":{"line":223,"column":27}},"130":{"start":{"line":225,"column":5},"end":{"line":225,"column":29}},"131":{"start":{"line":229,"column":2},"end":{"line":229,"column":43}},"132":{"start":{"line":232,"column":0},"end":{"line":253,"column":1}},"133":{"start":{"line":233,"column":2},"end":{"line":233,"column":38}},"134":{"start":{"line":234,"column":2},"end":{"line":237,"column":5}},"135":{"start":{"line":239,"column":2},"end":{"line":239,"column":39}},"136":{"start":{"line":240,"column":2},"end":{"line":247,"column":5}},"137":{"start":{"line":245,"column":6},"end":{"line":245,"column":34}},"138":{"start":{"line":249,"column":2},"end":{"line":252,"column":3}},"139":{"start":{"line":250,"column":4},"end":{"line":250,"column":43}},"140":{"start":{"line":250,"column":24},"end":{"line":250,"column":43}},"141":{"start":{"line":251,"column":4},"end":{"line":251,"column":26}},"142":{"start":{"line":255,"column":0},"end":{"line":285,"column":1}},"143":{"start":{"line":256,"column":2},"end":{"line":256,"column":18}},"144":{"start":{"line":257,"column":2},"end":{"line":284,"column":5}},"145":{"start":{"line":258,"column":4},"end":{"line":258,"column":44}},"146":{"start":{"line":259,"column":4},"end":{"line":259,"column":35}},"147":{"start":{"line":260,"column":4},"end":{"line":262,"column":5}},"148":{"start":{"line":261,"column":6},"end":{"line":261,"column":48}},"149":{"start":{"line":263,"column":4},"end":{"line":263,"column":38}},"150":{"start":{"line":265,"column":4},"end":{"line":269,"column":7}},"151":{"start":{"line":271,"column":4},"end":{"line":274,"column":5}},"152":{"start":{"line":272,"column":6},"end":{"line":272,"column":45}},"153":{"start":{"line":272,"column":26},"end":{"line":272,"column":45}},"154":{"start":{"line":273,"column":6},"end":{"line":273,"column":28}},"155":{"start":{"line":276,"column":4},"end":{"line":283,"column":5}},"156":{"start":{"line":277,"column":6},"end":{"line":282,"column":9}},"157":{"start":{"line":278,"column":8},"end":{"line":278,"column":48}},"158":{"start":{"line":279,"column":8},"end":{"line":281,"column":11}},"159":{"start":{"line":280,"column":10},"end":{"line":280,"column":42}},"160":{"start":{"line":287,"column":0},"end":{"line":303,"column":1}},"161":{"start":{"line":288,"column":2},"end":{"line":288,"column":30}},"162":{"start":{"line":289,"column":2},"end":{"line":296,"column":5}},"163":{"start":{"line":290,"column":4},"end":{"line":292,"column":7}},"164":{"start":{"line":291,"column":6},"end":{"line":291,"column":40}},"165":{"start":{"line":293,"column":4},"end":{"line":295,"column":7}},"166":{"start":{"line":294,"column":6},"end":{"line":294,"column":33}},"167":{"start":{"line":297,"column":2},"end":{"line":301,"column":3}},"168":{"start":{"line":298,"column":4},"end":{"line":300,"column":7}},"169":{"start":{"line":299,"column":6},"end":{"line":299,"column":16}},"170":{"start":{"line":302,"column":2},"end":{"line":302,"column":26}},"171":{"start":{"line":305,"column":0},"end":{"line":338,"column":1}},"172":{"start":{"line":306,"column":2},"end":{"line":306,"column":30}},"173":{"start":{"line":308,"column":2},"end":{"line":312,"column":3}},"174":{"start":{"line":309,"column":4},"end":{"line":311,"column":8}},"175":{"start":{"line":310,"column":6},"end":{"line":310,"column":35}},"176":{"start":{"line":314,"column":2},"end":{"line":318,"column":3}},"177":{"start":{"line":315,"column":4},"end":{"line":317,"column":6}},"178":{"start":{"line":320,"column":2},"end":{"line":323,"column":3}},"179":{"start":{"line":321,"column":4},"end":{"line":321,"column":17}},"180":{"start":{"line":322,"column":4},"end":{"line":322,"column":17}},"181":{"start":{"line":325,"column":2},"end":{"line":327,"column":3}},"182":{"start":{"line":326,"column":4},"end":{"line":326,"column":17}},"183":{"start":{"line":329,"column":2},"end":{"line":335,"column":3}},"184":{"start":{"line":330,"column":4},"end":{"line":330,"column":42}},"185":{"start":{"line":333,"column":7},"end":{"line":335,"column":3}},"186":{"start":{"line":334,"column":4},"end":{"line":334,"column":47}},"187":{"start":{"line":337,"column":2},"end":{"line":337,"column":26}},"188":{"start":{"line":340,"column":0},"end":{"line":340,"column":23}}},"branchMap":{"1":{"line":14,"type":"cond-expr","locations":[{"start":{"line":15,"column":6},"end":{"line":15,"column":9}},{"start":{"line":15,"column":12},"end":{"line":15,"column":43}}]},"2":{"line":15,"type":"binary-expr","locations":[{"start":{"line":15,"column":31},"end":{"line":15,"column":37}},{"start":{"line":15,"column":41},"end":{"line":15,"column":42}}]},"3":{"line":31,"type":"if","locations":[{"start":{"line":31,"column":2},"end":{"line":31,"column":2}},{"start":{"line":31,"column":2},"end":{"line":31,"column":2}}]},"4":{"line":37,"type":"if","locations":[{"start":{"line":37,"column":8},"end":{"line":37,"column":8}},{"start":{"line":37,"column":8},"end":{"line":37,"column":8}}]},"5":{"line":47,"type":"if","locations":[{"start":{"line":47,"column":4},"end":{"line":47,"column":4}},{"start":{"line":47,"column":4},"end":{"line":47,"column":4}}]},"6":{"line":48,"type":"if","locations":[{"start":{"line":48,"column":6},"end":{"line":48,"column":6}},{"start":{"line":48,"column":6},"end":{"line":48,"column":6}}]},"7":{"line":57,"type":"if","locations":[{"start":{"line":57,"column":4},"end":{"line":57,"column":4}},{"start":{"line":57,"column":4},"end":{"line":57,"column":4}}]},"8":{"line":68,"type":"if","locations":[{"start":{"line":68,"column":2},"end":{"line":68,"column":2}},{"start":{"line":68,"column":2},"end":{"line":68,"column":2}}]},"9":{"line":90,"type":"if","locations":[{"start":{"line":90,"column":4},"end":{"line":90,"column":4}},{"start":{"line":90,"column":4},"end":{"line":90,"column":4}}]},"10":{"line":96,"type":"if","locations":[{"start":{"line":96,"column":4},"end":{"line":96,"column":4}},{"start":{"line":96,"column":4},"end":{"line":96,"column":4}}]},"11":{"line":97,"type":"binary-expr","locations":[{"start":{"line":97,"column":33},"end":{"line":97,"column":38}},{"start":{"line":97,"column":42},"end":{"line":97,"column":45}}]},"12":{"line":103,"type":"if","locations":[{"start":{"line":103,"column":2},"end":{"line":103,"column":2}},{"start":{"line":103,"column":2},"end":{"line":103,"column":2}}]},"13":{"line":105,"type":"if","locations":[{"start":{"line":105,"column":6},"end":{"line":105,"column":6}},{"start":{"line":105,"column":6},"end":{"line":105,"column":6}}]},"14":{"line":107,"type":"if","locations":[{"start":{"line":107,"column":8},"end":{"line":107,"column":8}},{"start":{"line":107,"column":8},"end":{"line":107,"column":8}}]},"15":{"line":110,"type":"if","locations":[{"start":{"line":110,"column":11},"end":{"line":110,"column":11}},{"start":{"line":110,"column":11},"end":{"line":110,"column":11}}]},"16":{"line":113,"type":"if","locations":[{"start":{"line":113,"column":10},"end":{"line":113,"column":10}},{"start":{"line":113,"column":10},"end":{"line":113,"column":10}}]},"17":{"line":154,"type":"if","locations":[{"start":{"line":154,"column":2},"end":{"line":154,"column":2}},{"start":{"line":154,"column":2},"end":{"line":154,"column":2}}]},"18":{"line":156,"type":"if","locations":[{"start":{"line":156,"column":4},"end":{"line":156,"column":4}},{"start":{"line":156,"column":4},"end":{"line":156,"column":4}}]},"19":{"line":156,"type":"binary-expr","locations":[{"start":{"line":156,"column":8},"end":{"line":156,"column":15}},{"start":{"line":156,"column":19},"end":{"line":156,"column":32}}]},"20":{"line":167,"type":"if","locations":[{"start":{"line":167,"column":6},"end":{"line":167,"column":6}},{"start":{"line":167,"column":6},"end":{"line":167,"column":6}}]},"21":{"line":167,"type":"binary-expr","locations":[{"start":{"line":167,"column":10},"end":{"line":167,"column":17}},{"start":{"line":167,"column":21},"end":{"line":167,"column":34}}]},"22":{"line":177,"type":"binary-expr","locations":[{"start":{"line":177,"column":9},"end":{"line":177,"column":13}},{"start":{"line":177,"column":17},"end":{"line":177,"column":19}}]},"23":{"line":182,"type":"if","locations":[{"start":{"line":182,"column":4},"end":{"line":182,"column":4}},{"start":{"line":182,"column":4},"end":{"line":182,"column":4}}]},"24":{"line":184,"type":"if","locations":[{"start":{"line":184,"column":8},"end":{"line":184,"column":8}},{"start":{"line":184,"column":8},"end":{"line":184,"column":8}}]},"25":{"line":187,"type":"if","locations":[{"start":{"line":187,"column":10},"end":{"line":187,"column":10}},{"start":{"line":187,"column":10},"end":{"line":187,"column":10}}]},"26":{"line":191,"type":"if","locations":[{"start":{"line":191,"column":15},"end":{"line":191,"column":15}},{"start":{"line":191,"column":15},"end":{"line":191,"column":15}}]},"27":{"line":191,"type":"binary-expr","locations":[{"start":{"line":191,"column":19},"end":{"line":191,"column":37}},{"start":{"line":191,"column":41},"end":{"line":191,"column":65}}]},"28":{"line":202,"type":"if","locations":[{"start":{"line":202,"column":4},"end":{"line":202,"column":4}},{"start":{"line":202,"column":4},"end":{"line":202,"column":4}}]},"29":{"line":203,"type":"if","locations":[{"start":{"line":203,"column":6},"end":{"line":203,"column":6}},{"start":{"line":203,"column":6},"end":{"line":203,"column":6}}]},"30":{"line":211,"type":"if","locations":[{"start":{"line":211,"column":8},"end":{"line":211,"column":8}},{"start":{"line":211,"column":8},"end":{"line":211,"column":8}}]},"31":{"line":220,"type":"if","locations":[{"start":{"line":220,"column":4},"end":{"line":220,"column":4}},{"start":{"line":220,"column":4},"end":{"line":220,"column":4}}]},"32":{"line":220,"type":"binary-expr","locations":[{"start":{"line":220,"column":8},"end":{"line":220,"column":32}},{"start":{"line":220,"column":36},"end":{"line":220,"column":55}}]},"33":{"line":221,"type":"binary-expr","locations":[{"start":{"line":221,"column":43},"end":{"line":221,"column":53}},{"start":{"line":221,"column":57},"end":{"line":221,"column":59}}]},"34":{"line":249,"type":"if","locations":[{"start":{"line":249,"column":2},"end":{"line":249,"column":2}},{"start":{"line":249,"column":2},"end":{"line":249,"column":2}}]},"35":{"line":250,"type":"if","locations":[{"start":{"line":250,"column":4},"end":{"line":250,"column":4}},{"start":{"line":250,"column":4},"end":{"line":250,"column":4}}]},"36":{"line":260,"type":"if","locations":[{"start":{"line":260,"column":4},"end":{"line":260,"column":4}},{"start":{"line":260,"column":4},"end":{"line":260,"column":4}}]},"37":{"line":271,"type":"if","locations":[{"start":{"line":271,"column":4},"end":{"line":271,"column":4}},{"start":{"line":271,"column":4},"end":{"line":271,"column":4}}]},"38":{"line":272,"type":"if","locations":[{"start":{"line":272,"column":6},"end":{"line":272,"column":6}},{"start":{"line":272,"column":6},"end":{"line":272,"column":6}}]},"39":{"line":276,"type":"if","locations":[{"start":{"line":276,"column":4},"end":{"line":276,"column":4}},{"start":{"line":276,"column":4},"end":{"line":276,"column":4}}]},"40":{"line":276,"type":"binary-expr","locations":[{"start":{"line":276,"column":8},"end":{"line":276,"column":25}},{"start":{"line":276,"column":29},"end":{"line":276,"column":33}}]},"41":{"line":308,"type":"if","locations":[{"start":{"line":308,"column":2},"end":{"line":308,"column":2}},{"start":{"line":308,"column":2},"end":{"line":308,"column":2}}]},"42":{"line":314,"type":"if","locations":[{"start":{"line":314,"column":2},"end":{"line":314,"column":2}},{"start":{"line":314,"column":2},"end":{"line":314,"column":2}}]},"43":{"line":320,"type":"if","locations":[{"start":{"line":320,"column":2},"end":{"line":320,"column":2}},{"start":{"line":320,"column":2},"end":{"line":320,"column":2}}]},"44":{"line":325,"type":"if","locations":[{"start":{"line":325,"column":2},"end":{"line":325,"column":2}},{"start":{"line":325,"column":2},"end":{"line":325,"column":2}}]},"45":{"line":329,"type":"if","locations":[{"start":{"line":329,"column":2},"end":{"line":329,"column":2}},{"start":{"line":329,"column":2},"end":{"line":329,"column":2}}]},"46":{"line":333,"type":"if","locations":[{"start":{"line":333,"column":7},"end":{"line":333,"column":7}},{"start":{"line":333,"column":7},"end":{"line":333,"column":7}}]}},"code":["var fs   = require('fs');","var path = require('path');","var os = require('os');","var util = require('util');","var events = require('events');","","var hasNativeRecursive = require('./has-native-recursive');","var is = require('./is');","","var EVENT_UPDATE = 'update';","var EVENT_REMOVE = 'remove';","","function makeArray(arr, offset) {","  return is.array(arr)","    ? arr : [].slice.call(arr, offset || 0);","}","","function hasDup(arr) {","  return makeArray(arr).some(function(v, i, self) {","    return self.indexOf(v) !== i;","  });","}","","function unique(arr) {","  return makeArray(arr).filter(function(v, i, self) {","    return self.indexOf(v) === i;","  });","}","","function assign(obj/*, props */) {","  if (Object.assign) {","    return Object.assign.apply(Object, arguments);","  }","  return makeArray(arguments, 1)","    .reduce(function(mix, prop) {","      for (var name in prop) {","        if (pr
[...]
self.watchers[fullPath];","    }","    getSubDirectories(fullPath, function(fpath) {","      self.close(fpath);","    });","  } else {","    var self = this;","    Object.keys(self.watchers).forEach(function(fpath) {","      var watcher = self.watchers[fpath];","      if (watcher && watcher.close) {","        watcher.close();","      }","    });","    this.watchers = {};","  }","};","","Watcher.prototype.add = function(watcher, info) {","  var self = this;","  info = info || {};","  var fullPath = path.resolve(info.fpath);","  this.watchers[fullPath] = watcher;","","  var callback = function(evt, name) {","    if (info.options.recursive) {","      hasNativeRecursive(function(has) {","        if (!has) {","          var fullPath = path.resolve(name);","          // remove watcher on removal","          if (evt == EVENT_REMOVE) {","            self.close(fullPath);","          }","          // watch new created directory","          else if (is.directory(name) && !self.watchers[fullPath]) {","            var filterGuard = guard(info.options.filter);","            filterGuard(name, function() {","              self.watchDirectory(name, info.options);","            });","          }","        }","      });","    }","","    // watch single file","    if (info.compareName) {","      if (info.compareName(name)) {","        self.emit('change', evt, name);","      }","    }","    // watch directory","    else {","      var filterGuard = guard(info.options.filter);","      filterGuard(name, function() {","        if (self.flag) self.flag = '';","        else self.emit('change', evt, name);","      });","    }","  };","","  callback.info = info;","","  watcher.on('error', function(err) {","    if (os.platform() == 'win32' && err.code == 'EPERM') {","      watcher.emit('change', EVENT_REMOVE, info.fpath && '');","      self.flag = 'windows-error';","      self.close(fullPath);","    } else {","     self.emit('error', err);","    }","  });","","  watcher.on('change', debounce(callback));","}","","Watcher.prototype.watchFile = function(file, options, fn) {","  var parent = path.join(file, '../');","  var opts = assign({}, options, {","    recursive: false,","    filter: null","  });","","  var watcher = fs.watch(parent, opts);","  this.add(watcher, {","    type: 'file',","    fpath: parent,","    options: opts,","    compareName: function(n) {","      return is.sameFile(n, file);","    }","  });","","  if (is.func(fn)) {","    if (fn.length == 1) deprecateWarning();","    this.on('change', fn);","  }","}","","Watcher.prototype.watchDirectory = function(dir, options, fn) {","  var self = this;","  hasNativeRecursive(function(has) {","    options.recursive = !!options.recursive;","    var opts = assign({}, options);","    if (!has) {","      opts = assign(opts, { recursive: false });","    }","    var watcher = fs.watch(dir, opts);","","    self.add(watcher, {","      type: 'dir',","      fpath: dir,","      options: options","    });","","    if (is.func(fn)) {","      if (fn.length == 1) deprecateWarning();","      self.on('change', fn);","    }","","    if (options.recursive && !has) {","      getSubDirectories(dir, function(d) {","        var filterGuard = guard(options.filter);","        filterGuard(d, function() {","          self.watchDirectory(d, options);","        });","      });","    }","  });","}","","function composeWatcher(watchers) {","  var watcher = new Watcher();","  watchers.forEach(function(w) {","    w.on('change', function(evt, name) {","      watcher.emit('change', evt, name);","    });","    w.on('error', function(err) {","      watcher.emit('error', err);","    });","  });","  watcher.close = function() {","    watchers.forEach(function(w) {","      w.close();","    });","  }","  return watcher.expose();","}","","function watch(fpath, options, fn) {","  var watcher = new Watcher();","","  if (is.array(fpath)) {","    return composeWatcher(unique(fpath).map(function(f) {","      return watch(f, options, fn);","    }));","  };","","  if (!is.exists(fpath)) {","    watcher.emit('error',","      new Error(fpath + ' does not exist.')","    );","  }","","  if (is.func(options)) {","    fn = options;","    options = {};","  }","","  if (arguments.length < 2) {","    options = {};","  }","","  if (is.file(fpath)) {","    watcher.watchFile(fpath, options, fn);","  }","","  else if (is.directory(fpath)) {","    watcher.watchDirectory(fpath, options, fn);","  }","","  return watcher.expose();","}","","module.exports = watch;",""],"l":{"1":1,"2":1,"3":1,"4":1,"5":1,"7":1,"8":1,"10":1,"11":1,"13":1,"14":0,"18":1,"19":0,"20":0,"24":1,"25":0,"26":0,"30":1,"31":0,"32":0,"34":0,"36":0,"37":0,"38":0,"41":0,"45":1,"46":0,"47":0,"48":0,"50":0,"55":1,"56":0,"57":0,"58":0,"62":1,"63":0,"64":0,"68":0,"69":0,"70":0,"72":0,"75":0,"79":1,"80":0,"81":0,"82":1,"83":0,"84":0,"86":0,"87":0,"89":0,"90":0,"91":0,"93":0,"96":0,"97":0,"102":1,"103":0,"104":0,"105":0,"107":0,"108":0,"110":0,"111":0,"112":0,"113":0,"120":1,"127":1,"128":0,"129":0,"132":1,"134":1,"135":0,"136":0,"140":0,"141":0,"142":0,"144":0,"148":1,"149":0,"152":1,"153":0,"154":0,"155":0,"156":0,"157":0,"158":0,"160":0,"161":0,"164":0,"165":0,"166":0,"167":0,"168":0,"171":0,"175":1,"176":0,"177":0,"178":0,"179":0,"181":0,"182":0,"183":0,"184":0,"185":0,"187":0,"188":0,"191":0,"192":0,"193":0,"194":0,"202":0,"203":0,"204":0,"209":0,"210":0,"211":0,"212":0,"217":0,"219":0,"220":0,"221":0,"222":0,"223":0,"225":0,"229":0,"232":1,"233":0,"234":0,"239":0,"240":0,"245":0,"249":0,"250":0,"251":0,"255":1,"256":0,"257":0,"258":0,"259":0,"260":0,"261":0,"263":0,"265":0,"271":0,"272":0,"273":0,"276":0,"277":0,"278":0,"279":0,"280":0,"287":1,"288":0,"289":0,"290":0,"291":0,"293":0,"294":0,"297":0,"298":0,"299":0,"302":0,"305":1,"306":0,"308":0,"309":0,"310":0,"314":0,"315":0,"320":0,"321":0,"322":0,"325":0,"326":0,"329":0,"330":0,"333":0,"334":0,"337":0,"340":1}},"/home/travis/build/npmtest/node-npmtest-node-watch/node_modules/node-watch/lib/has-native-recursive.js":{"path":"/home/travis/build/npmtest/node-npmtest-node-watch/node_modules/node-watch/lib/has-native-recursive.js","s":{"1":1,"2":1,"3":1,"4":1,"5":1,"6":1,"7":1,"8":0,"9":1,"10":0,"11":0,"12":0,"13":0,"14":0,"15":0,"16":0,"17":0,"18":0,"19":0,"20":0,"21":0,"22":0,"23":0,"24":0,"25":0,"26":0,"27":0,"28":1,"29":1,"30":0,"31":0,"32":0,"33":0,"34":0,"35":0,"36":0,"37":0,"38":0,"39":0,"40":0,"41":0,"42":0,"43":0,"44":0,"45":0,"46":0,"47":0,"48":0,"49":0,"50":0,"51":0,"52":0,"53":0,"54":0,"55":0},"b":{"1":[1,1,0,0,0],"2":[0,0],"3":[0,0],"4":[0,0],"5":[0,0],"6":[0,0],"7":[0,0],"8":[0,0],"9":[0,0],"10":[0,0]},"f":{"1":0,"2":0,"3":0,"4":0,"5":0,"6":0,"7":0,"8":0,"9":0,"10":0,"11":0},"fnMap":{"1":{"name":"TempStack","line":12,"loc":{"start":{"line":12,"column":0},"end":{"line":12,"column":21}}},"2":{"name":"(anonymous_2)","line":17,"loc":{"start":{"line":17,"column":10},"end":{"line":17,"column":31}}},"3":{"name":"(anonymous_3)","line":24,"loc":{"start":{"line":24,"column":9},"end":{"line":24,"column":30}}},"4":{"name":"(anonymous_4)","line":29,"loc":{"start":{"line":29,"column":9},"end":{"line":29,"column":30}}},"5":{"name":"(anonymous_5)","line":34,"loc":{"start":{"line":34,"column":11},"end":{"line":34,"column":24}}},"6":{"name":"hasNativeRecursive","line":56,"loc":{"start":{"line":56,"column":17},"end":{"line":56,"column":49}}},"7":{"name":"(anonymous_7)","line":69,"loc":{"start":{"line":69,"column":22},"end":{"line":69,"column":33}}},"8":{"name":"(anonymous_8)","line":83,"loc":{"start":{"line":83,"column":25},"end":{"line":83,"column":36}}},"9":{"name":"(anonymous_9)","line":85,"loc":{"start":{"line":85,"column":18},"end":{"line":85,"column":29}}},"10":{"name":"(anonymous_10)","line":90,"loc":{"start":{"line":90,"column":23},"end":{"line":90,"column":43}}},"11":{"name":"(anonymous_11)","line":94,"loc":{"start":{"line":94,"column":20},"end":{"line":94,"column":31}}}},"statementMap":{"1":{"start":{"line":1,"column":0},"end":{"line":1,"column":23}},"2":{"start":{"line":2,"column":0},"end":{"line":2,"column":23}},"3":{"start":{"line":3,"column":0},"end":{"line":3,"column":27}},"4":{"start":{"line":4,"column":0},"end":{"line":4,"column":25}},"5":{"start":{"line":6,"column":0},"end":{"line":6,"column":15}},"6":{"start":{"line":7,"column":0},"end":{"line":10,"column":19}},"7":{"start":{"line":12,"column":0},"end":{"line":14,"column":1}},"8":{"start":{"line":13,"column":2},"end":{"line":13,"column":18}},"9":{"start":{"line":16,"column":0},"end":{"line":52,"column":2}},"10":{"start":{"line":18,"column":4},"end":{"line":20,"column":6}},"11":{"start":{"line":21,"column":4},"end":{"line":21,"column":48}},"12":{"start":{"line":22,"column":4},"end":{"line":22,"column":16}},"13":{"start":{"line":25,"column":4},"end":{"line":27,"column":5}},"14":{"start":{"line":26,"column":6},"end":{"line":26,"column":42}},"15":{"start":{"line":30,"column":4},"end":{"line":32,"column":5}},"16":{"start":{"line":31,"column":6},"end":{"line":31,"column":33}},"17":{"start":{"line":35,"column":4},"end":{"line":50,"column":5}},"18":{"start":{"line":36,"column":6},"end":{"line":36,"column":15}},"19":{"start":{"line":37,"column":6},"end":{"line":46,"column":7}},"20":{"start":{"line":38,"column":8},"end":{"line":38,"column":29}},"21":{"start":{"line":39,"column":8},"end":{"line":39,"column":29}},"22":{"start":{"line":40,"column":8},"end":{"line":45,"column":9}},"23":{"start":{"line":41,"column":10},"end":{"line":41,"column":30}},"24":{"start":{"line":43,"column":13},"end":{"line":45,"column":9}},"25":{"start":{"line":44,"column":10},"end":{"line":44,"column":29}},"26":{"start":{"line":49,"column":6},"end":{"line":49,"column":28}},"27":{"start":{"line":49,"column":23},"end":{"line":49,"column":28}},"28":{"start":{"line":54,"column":0},"end":{"line":54,"column":20}},"29":{"start":{"line":56,"column":0},"end":{"line":100,"column":1}},"30":{"start":{"line":57,"column":2},"end":{"line":59,"column":3}},"31":{"start":{"line":58,"column":4},"end":{"line":58,"column":17}},"32":{"start":{"line":60,"column":2},"end":{"line":62,"column":3}},"33":{"start":{"line":61,"column":4},"end":{"line":61,"column":26}},"34":{"start":{"line":64,"column":2},"end":{"line":72,"column":3}},"35":{"start":{"line":65,"column":4},"end":{"line":65,"column":19}},"36":{"start":{"line":69,"column":4},"end":{"line":71,"column":12}},"37":{"start":{"line":70,"column":6},"end":{"line":70,"column":29}},"38":{"start":{"line":74,"column":2},"end":{"line":74,"column":30}},"39":{"start":{"line":75,"column":2},"end":{"line":75,"column":45}},"40":{"start":{"line":76,"column":2},"end":{"line":76,"column":42}},"41":{"start":{"line":77,"column":2},"end":{"line":77,"column":41}},"42":{"start":{"line":79,"column":2},"end":{"line":79,"column":29}},"43":{"start":{"line":81,"column":2},"end":{"line":81,"column":36}},"44":{"start":{"line":82,"column":2},"end":{"line":82,"column":42}},"45":{"start":{"line":83,"column":2},"end":{"line":88,"column":10}},"46":{"start":{"line":84,"column":4},"end":{"line":84,"column":20}},"47":{"start":{"line":85,"column":4},"end":{"line":87,"column":7}},"48":{"start":{"line":86,"column":6},"end":{"line":86,"column":29}},"49":{"start":{"line":90,"column":2},"end":{"line":98,"column":5}},"50":{"start":{"line":91,"column":4},"end":{"line":97,"column":5}},"51":{"start":{"line":92,"column":6},"end":{"line":92,"column":22}},"52":{"start":{"line":93,"column":6},"end":{"line":93,"column":26}},"53":{"start":{"line":94,"column":6},"end":{"line":96,"column":9}},"54":{"start":{"line":95,"column":8},"end":{"line":95,"column":30}},"55":{"start":{"line":99,"column":2},"end":{"line":99,"column":20}}},"branchMap":{"1":{"line":7,"type":"binary-expr","locations":[{"start":{"line":7,"column":15},"end":{"line":7,"column":24}},{"start":{"line":7,"column":28},"end":{"line":7,"column":39}},{"start":{"line":8,"column":5},"end":{"line":8,"column":23}},{"start":{"line":9,"column":5},"end":{"line":9,"column":21}},{"start":{"line":10,"column":5},"end":{"line":10,"column":18}}]},"2":{"line":40,"type":"if","locations":[{"start":{"line":40,"column":8},"end":{"line":40,"column":8}},{"start":{"line":40,"column":8},"end":{"line":40,"column":8}}]},"3":{"line":40,"type":"binary-expr","locations":[{"start":{"line":40,"column":12},"end":{"line":40,"column":26}},{"start":{"line":40,"column":30},"end":{"line":40,"column":43}}]},"4":{"line":43,"type":"if","locations":[{"start":{"line":43,"column":13},"end":{"line":43,"column":13}},{"start":{"line":43,"column":13},"end":{"line":43,"column":13}}]},"5":{"line":43,"type":"binary-expr","locations":[{"start":{"line":43,"column":17},"end":{"line":43,"column":30}},{"start":{"line":43,"column":34},"end":{"line":43,"column":52}}]},"6":{"line":49,"type":"if","locations":[{"start":{"line":49,"column":6},"end":{"line":49,"column":6}},{"start":{"line":49,"column":6},"end":{"line":49,"column":6}}]},"7":{"line":57,"type":"if","locations":[{"start":{"line":57,"column":2},"end":{"line":57,"column":2}},{"start":{"line":57,"column":2},"end":{"line":57,"column":2}}]},"8":{"line":60,"type":"if","locations":[{"start":{"line":60,"column":2},"end":{"line":60,"column":2}},{"start":{"line":60,"column":2},"end":{"line":60,"column":2}}]},"9":{"line":64,"type":"if","locations":[{"start":{"line":64,"column":2},"end":{"line":64,"column":2}},{"start":{"line":64,"column":2},"end":{"line":64,"column":2}}]},"10":{"line":91,"type":"if","locations":[{"start":{"line":91,"column":4},"end":{"line":91,"column":4}},{"start":{"line":91,"column":4},"end":{"line":91,"column":4}}]}},"code":["var fs = require('fs');","var os = require('os');","var path = require('path');","var is = require('./is');","","var IS_SUPPORT;","var TEMP_DIR = os.tmpdir && os.tmpdir()","  || process.env.TMPDIR","  || process.env.TEMP","  || process.cwd();","","function TempStack() {","  this.stack = [];","}","","TempStack.prototype = {","  create: function(type, base) {","    var name = path.join(base,","      'node-watch-' + Math.random().toString(16).substr(2)","    );","    this.stack.push({ name: name, type: type });","    return name;","  },","  write: function(/* file */) {","    for (var i = 0; i < arguments.length; ++i) {","      fs.writeFileSync(arguments[i], ' ');","    }","  },","  mkdir: function(/* dirs */) {","    for (var i = 0; i < arguments.length; ++i) {","      fs.mkdirSync(arguments[i]);","    }","  },","  cleanup: function(fn) {","    try {","      var temp;","      while (temp = this.stack.pop()) {","        var type = temp.type;","        var name = temp.name;","        if (type == 'file' && is.file(name)) {","          fs.unlinkSync(name);","        }","        else if (type == 'dir' && is.directory(name)) {","          fs.rmdirSync(name);","        }","      }","    }","    finally {","      if (is.func(fn)) fn();","    }","  }","};","","var pending = false;","","module.exports = function hasNativeRecursive(fn) {","  if (!is.func(fn)) {","    return false;","  }","  if (IS_SUPPORT !== undefined) {","    return fn(IS_SUPPORT);","  }","","  if (!pending) {","    pending = true;","  }","  // check again later","  else {","    return setTimeout(function() {","      hasNativeRecursive(fn);","    }, 300);","  }","","  var stack = new TempStack();","  var parent = stack.create('dir', TEMP_DIR);","  var child = stack.create('dir', parent);","  var file = stack.create('file', child);","","  stack.mkdir(parent, child);","","  var options = { recursive: true };","  var watcher = fs.watch(parent, options);","  var timer = setTimeout(function() {","    watcher.close();","    stack.cleanup(function() {","      fn(IS_SUPPORT = false);","    });","  }, 200);","","  watcher.on('change', function(evt, name) {","    if (path.basename(file) == path.basename(name)) {","      watcher.close();","      clearTimeout(timer);","      stack.cleanup(function() {","        fn(IS_SUPPORT = true);","      });","    }","  });","  stack.write(file);","}",""],"l":{"1":1,"2":1,"3":1,"4":1,"6":1,"7":1,"12":1,"13":0,"16":1,"18":0,"21":0,"22":0,"25":0,"26":0,"30":0,"31":0,"35":0,"36":0,"37":0,"38":0,"39":0,"40":0,"41":0,"43":0,"44":0,"49":0,"54":1,"56":1,"57":0,"58":0,"60":0,"61":0,"64":0,"65":0,"69":0,"70":0,"74":0,"75":0,"76":0,"77":0,"79":0,"81":0,"82":0,"83":0,"84":0,"85":0,"86":0,"90":0,"91":0,"92":0,"93":0,"94":0,"95":0,"99":0}},"/home/travis/build/npmtest/node-npmtest-node-watch/node_modules/node-watch/lib/is.js":{"path":"/home/travis/build/npmtest/node-npmtest-node-watch/node_modules/node-watch/lib/is.js","s":{"1":1,"2":1,"3":1,"4":0,"5":0,"6":0,"7":0,"8":0,"9":0,"10":0,"11":0,"12":1},"b":{"1":[0,0],"2":[0,0],"3":[0,0],"4":[0,0]},"f":{"1":0,"2":0,"3":0,"4":0,"5":0,"6":0,"7":0,"8":0},"fnMap":{"1":{"name":"(anonymous_1)","line":5,"loc":{"start":{"line":5,"column":7},"end":{"line":5,"column":22}}},"2":{"name":"(anonymous_2)","line":8,"loc":{"start":{"line":8,"column":9},"end":{"line":8,"column":24}}},"3":{"name":"(anonymous_3)","line":11,"loc":{"start":{"line":11,"column":8},"end":{"line":11,"column":23}}},"4":{"name":"(anonymous_4)","line":14,"loc":{"start":{"line":14,"column":10},"end":{"line":14,"column":25}}},"5":{"name":"(anonymous_5)","line":17,"loc":{"start":{"line":17,"column":8},"end":{"line":17,"column":23}}},"6":{"name":"(anonymous_6)","line":21,"loc":{"start":{"line":21,"column":12},"end":{"line":21,"column":27}}},"7":{"name":"(anonymous_7)","line":24,"loc":{"start":{"line":24,"column":13},"end":{"line":24,"column":28}}},"8":{"name":"(anonymous_8)","line":28,"loc":{"start":{"line":28,"column":16},"end":{"line":28,"column":31}}}},"statementMap":{"1":{"start":{"line":1,"column":0},"end":{"line":1,"column":23}},"2":{"start":{"line":2,"column":0},"end":{"line":2,"column":27}},"3":{"start":{"line":4,"column":0},"end":{"line":32,"column":2}},"4":{"start":{"line":6,"column":4},"end":{"line":6,"column":51}},"5":{"start":{"line":9,"column":4},"end":{"line":9,"column":31}},"6":{"start":{"line":12,"column":4},"end":{"line":12,"column":38}},"7":{"start":{"line":15,"column":4},"end":{"line":15,"column":31}},"8":{"start":{"line":18,"column":4},"end":{"line":19,"column":43}},"9":{"start":{"line":22,"column":4},"end":{"line":22,"column":46}},"10":{"start":{"line":25,"column":4},"end":{"line":26,"column":48}},"11":{"start":{"line":29,"column":4},"end":{"line":30,"column":52}},"12":{"start":{"line":34,"column":0},"end":{"line":34,"column":20}}},"branchMap":{"1":{"line":6,"type":"binary-expr","locations":[{"start":{"line":6,"column":12},"end":{"line":6,"column":25}},{"start":{"line":6,"column":31},"end":{"line":6,"column":49}}]},"2":{"line":18,"type":"cond-expr","locations":[{"start":{"line":19,"column":8},"end":{"line":19,"column":34}},{"start":{"line":19,"column":37},"end":{"line":19,"column":42}}]},"3":{"line":25,"type":"cond-expr","locations":[{"start":{"line":26,"column":8},"end":{"line":26,"column":39}},{"start":{"line":26,"column":42},"end":{"line":26,"column":47}}]},"4":{"line":29,"type":"cond-expr","locations":[{"start":{"line":30,"column":8},"end":{"line":30,"column":43}},{"start":{"line":30,"column":46},"end":{"line":30,"column":51}}]}},"code":["var fs = require('fs');","var path = require('path');","","var is = {","  nil: function(item) {","    return (item === null) || (item === undefined);","  },","  array: function(item) {","    return Array.isArray(item);","  },","  func: function(item) {","    return typeof item === 'function';","  },","  exists: function(name) {","    return fs.existsSync(name);","  },","  file: function(name) {","    return is.exists(name)","      ? fs.statSync(name).isFile() : false;","  },","  sameFile: function(a, b) {","    return path.resolve(a) == path.resolve(b);","  },","  directory: function(name) {","    return is.exists(name)","      ? fs.statSync(name).isDirectory() : false;","  },","  symbolicLink: function(name) {","    return is.exists(name)","      ? fs.lstatSync(name).isSymbolicLink() : false;","  }","};","","module.exports = is;",""],"l":{"1":1,"2":1,"4":1,"6":0,"9":0,"12":0,"15":0,"18":0,"22":0,"25":0,"29":0,"34":1}}}